[02-Jan-2025 00:19:16 UTC] Categoria recebida: 0
[02-Jan-2025 00:19:16 UTC] Formato recebido: 8
[02-Jan-2025 00:19:16 UTC] Ordem recebida: desc
[02-Jan-2025 00:19:16 UTC] Array
(
    [post_type] => photoss
    [posts_per_page] => -1
    [orderby] => date
    [order] => desc
    [tax_query] => Array
        (
            [0] => Array
                (
                    [taxonomy] => format
                    [field] => term_id
                    [terms] => 8
                )

        )

)

[02-Jan-2025 00:19:58 UTC] Categoria recebida: 5
[02-Jan-2025 00:19:58 UTC] Formato recebido: 0
[02-Jan-2025 00:19:58 UTC] Ordem recebida: desc
[02-Jan-2025 00:19:58 UTC] Array
(
    [post_type] => photo
    [posts_per_page] => -1
    [orderby] => date
    [order] => desc
    [tax_query] => Array
        (
            [0] => Array
                (
                    [taxonomy] => categorie
                    [field] => term_id
                    [terms] => 5
                )

        )

)

[02-Jan-2025 00:20:26 UTC] Categoria recebida: 6
[02-Jan-2025 00:20:26 UTC] Formato recebido: 0
[02-Jan-2025 00:20:26 UTC] Ordem recebida: desc
[02-Jan-2025 00:20:26 UTC] Array
(
    [post_type] => photo
    [posts_per_page] => -1
    [orderby] => date
    [order] => desc
    [tax_query] => Array
        (
            [0] => Array
                (
                    [taxonomy] => categorie
                    [field] => term_id
                    [terms] => 6
                )

        )

)

[02-Jan-2025 00:20:28 UTC] Categoria recebida: 6
[02-Jan-2025 00:20:28 UTC] Formato recebido: 8
[02-Jan-2025 00:20:28 UTC] Ordem recebida: desc
[02-Jan-2025 00:20:28 UTC] Array
(
    [post_type] => photo
    [posts_per_page] => -1
    [orderby] => date
    [order] => desc
    [tax_query] => Array
        (
            [0] => Array
                (
                    [taxonomy] => categorie
                    [field] => term_id
                    [terms] => 6
                )

            [1] => Array
                (
                    [taxonomy] => format
                    [field] => term_id
                    [terms] => 8
                )

        )

)

[02-Jan-2025 00:20:30 UTC] Categoria recebida: 6
[02-Jan-2025 00:20:30 UTC] Formato recebido: 8
[02-Jan-2025 00:20:30 UTC] Ordem recebida: asc
[02-Jan-2025 00:20:30 UTC] Array
(
    [post_type] => photo
    [posts_per_page] => -1
    [orderby] => date
    [order] => asc
    [tax_query] => Array
        (
            [0] => Array
                (
                    [taxonomy] => categorie
                    [field] => term_id
                    [terms] => 6
                )

            [1] => Array
                (
                    [taxonomy] => format
                    [field] => term_id
                    [terms] => 8
                )

        )

)

[02-Jan-2025 00:26:17 UTC] Categoria recebida: 0
[02-Jan-2025 00:26:17 UTC] Formato recebido: 8
[02-Jan-2025 00:26:17 UTC] Ordem recebida: desc
[02-Jan-2025 00:26:17 UTC] Array
(
    [post_type] => photo
    [posts_per_page] => -1
    [orderby] => date
    [order] => desc
    [tax_query] => Array
        (
            [0] => Array
                (
                    [taxonomy] => format
                    [field] => term_id
                    [terms] => 8
                )

        )

)

[02-Jan-2025 00:26:17 UTC] Número de posts encontrados: 9
[02-Jan-2025 00:26:25 UTC] Categoria recebida: 0
[02-Jan-2025 00:26:25 UTC] Formato recebido: 9
[02-Jan-2025 00:26:25 UTC] Ordem recebida: desc
[02-Jan-2025 00:26:25 UTC] Array
(
    [post_type] => photo
    [posts_per_page] => -1
    [orderby] => date
    [order] => desc
    [tax_query] => Array
        (
            [0] => Array
                (
                    [taxonomy] => format
                    [field] => term_id
                    [terms] => 9
                )

        )

)

[02-Jan-2025 00:26:25 UTC] Número de posts encontrados: 7
[02-Jan-2025 00:26:28 UTC] Categoria recebida: 0
[02-Jan-2025 00:26:28 UTC] Formato recebido: 9
[02-Jan-2025 00:26:28 UTC] Ordem recebida: asc
[02-Jan-2025 00:26:28 UTC] Array
(
    [post_type] => photo
    [posts_per_page] => -1
    [orderby] => date
    [order] => asc
    [tax_query] => Array
        (
            [0] => Array
                (
                    [taxonomy] => format
                    [field] => term_id
                    [terms] => 9
                )

        )

)

[02-Jan-2025 00:26:28 UTC] Número de posts encontrados: 7
[02-Jan-2025 00:26:32 UTC] Categoria recebida: 5
[02-Jan-2025 00:26:32 UTC] Formato recebido: 9
[02-Jan-2025 00:26:32 UTC] Ordem recebida: asc
[02-Jan-2025 00:26:32 UTC] Array
(
    [post_type] => photo
    [posts_per_page] => -1
    [orderby] => date
    [order] => asc
    [tax_query] => Array
        (
            [0] => Array
                (
                    [taxonomy] => categorie
                    [field] => term_id
                    [terms] => 5
                )

            [1] => Array
                (
                    [taxonomy] => format
                    [field] => term_id
                    [terms] => 9
                )

        )

)

[02-Jan-2025 00:26:32 UTC] Número de posts encontrados: 1
[02-Jan-2025 00:26:39 UTC] Categoria recebida: 7
[02-Jan-2025 00:26:39 UTC] Formato recebido: 9
[02-Jan-2025 00:26:39 UTC] Ordem recebida: asc
[02-Jan-2025 00:26:39 UTC] Array
(
    [post_type] => photo
    [posts_per_page] => -1
    [orderby] => date
    [order] => asc
    [tax_query] => Array
        (
            [0] => Array
                (
                    [taxonomy] => categorie
                    [field] => term_id
                    [terms] => 7
                )

            [1] => Array
                (
                    [taxonomy] => format
                    [field] => term_id
                    [terms] => 9
                )

        )

)

[02-Jan-2025 00:26:47 UTC] Categoria recebida: 7
[02-Jan-2025 00:26:47 UTC] Formato recebido: 9
[02-Jan-2025 00:26:47 UTC] Ordem recebida: desc
[02-Jan-2025 00:26:47 UTC] Array
(
    [post_type] => photo
    [posts_per_page] => -1
    [orderby] => date
    [order] => desc
    [tax_query] => Array
        (
            [0] => Array
                (
                    [taxonomy] => categorie
                    [field] => term_id
                    [terms] => 7
                )

            [1] => Array
                (
                    [taxonomy] => format
                    [field] => term_id
                    [terms] => 9
                )

        )

)

[02-Jan-2025 00:26:48 UTC] Categoria recebida: 7
[02-Jan-2025 00:26:48 UTC] Formato recebido: 8
[02-Jan-2025 00:26:48 UTC] Ordem recebida: desc
[02-Jan-2025 00:26:48 UTC] Array
(
    [post_type] => photo
    [posts_per_page] => -1
    [orderby] => date
    [order] => desc
    [tax_query] => Array
        (
            [0] => Array
                (
                    [taxonomy] => categorie
                    [field] => term_id
                    [terms] => 7
                )

            [1] => Array
                (
                    [taxonomy] => format
                    [field] => term_id
                    [terms] => 8
                )

        )

)

[02-Jan-2025 00:26:48 UTC] Número de posts encontrados: 1
[02-Jan-2025 00:26:56 UTC] Categoria recebida: 4
[02-Jan-2025 00:26:56 UTC] Formato recebido: 8
[02-Jan-2025 00:26:56 UTC] Ordem recebida: desc
[02-Jan-2025 00:26:56 UTC] Array
(
    [post_type] => photo
    [posts_per_page] => -1
    [orderby] => date
    [order] => desc
    [tax_query] => Array
        (
            [0] => Array
                (
                    [taxonomy] => categorie
                    [field] => term_id
                    [terms] => 4
                )

            [1] => Array
                (
                    [taxonomy] => format
                    [field] => term_id
                    [terms] => 8
                )

        )

)

[02-Jan-2025 00:26:56 UTC] Número de posts encontrados: 2
[02-Jan-2025 00:29:53 UTC] Categoria recebida: 0
[02-Jan-2025 00:29:53 UTC] Formato recebido: 8
[02-Jan-2025 00:29:53 UTC] Ordem recebida: desc
[02-Jan-2025 00:29:53 UTC] Array
(
    [post_type] => photo
    [posts_per_page] => -1
    [orderby] => date
    [order] => desc
    [tax_query] => Array
        (
            [0] => Array
                (
                    [taxonomy] => format
                    [field] => term_id
                    [terms] => 8
                )

        )

)

[02-Jan-2025 00:29:53 UTC] Número de posts encontrados: 9
[02-Jan-2025 00:29:55 UTC] Categoria recebida: 6
[02-Jan-2025 00:29:55 UTC] Formato recebido: 8
[02-Jan-2025 00:29:55 UTC] Ordem recebida: desc
[02-Jan-2025 00:29:55 UTC] Array
(
    [post_type] => photo
    [posts_per_page] => -1
    [orderby] => date
    [order] => desc
    [tax_query] => Array
        (
            [0] => Array
                (
                    [taxonomy] => categorie
                    [field] => term_id
                    [terms] => 6
                )

            [1] => Array
                (
                    [taxonomy] => format
                    [field] => term_id
                    [terms] => 8
                )

        )

)

[02-Jan-2025 00:29:55 UTC] Número de posts encontrados: 3
[02-Jan-2025 00:29:58 UTC] Categoria recebida: 6
[02-Jan-2025 00:29:58 UTC] Formato recebido: 8
[02-Jan-2025 00:29:58 UTC] Ordem recebida: asc
[02-Jan-2025 00:29:58 UTC] Array
(
    [post_type] => photo
    [posts_per_page] => -1
    [orderby] => date
    [order] => asc
    [tax_query] => Array
        (
            [0] => Array
                (
                    [taxonomy] => categorie
                    [field] => term_id
                    [terms] => 6
                )

            [1] => Array
                (
                    [taxonomy] => format
                    [field] => term_id
                    [terms] => 8
                )

        )

)

[02-Jan-2025 00:29:58 UTC] Número de posts encontrados: 3
[02-Jan-2025 00:31:09 UTC] Categoria recebida: 5
[02-Jan-2025 00:31:09 UTC] Formato recebido: 0
[02-Jan-2025 00:31:09 UTC] Ordem recebida: desc
[02-Jan-2025 00:31:09 UTC] Array
(
    [post_type] => photo
    [posts_per_page] => -1
    [orderby] => date
    [order] => desc
    [tax_query] => Array
        (
            [0] => Array
                (
                    [taxonomy] => categorie
                    [field] => term_id
                    [terms] => 5
                )

        )

)

[02-Jan-2025 00:31:09 UTC] Número de posts encontrados: 4
[02-Jan-2025 00:39:27 UTC] PHP Warning:  Undefined array key "html" in C:\xampp\htdocs\nathalie-mota\wp-content\themes\nathaliemota\functions.php on line 228
[02-Jan-2025 00:39:28 UTC] Automatic updates starting...
[02-Jan-2025 00:39:28 UTC] Automatic updates complete.
[02-Jan-2025 00:39:33 UTC] Categoria recebida: 6
[02-Jan-2025 00:39:33 UTC] Formato recebido: 0
[02-Jan-2025 00:39:33 UTC] Ordem recebida: desc
[02-Jan-2025 00:39:33 UTC] Array
(
    [post_type] => photo
    [posts_per_page] => -1
    [orderby] => date
    [order] => desc
    [tax_query] => Array
        (
            [0] => Array
                (
                    [taxonomy] => categorie
                    [field] => term_id
                    [terms] => 6
                )

        )

)

[02-Jan-2025 00:39:33 UTC] Número de posts encontrados: 9
[02-Jan-2025 01:14:05 UTC] Categoria recebida: 0
[02-Jan-2025 01:14:05 UTC] Formato recebido: 0
[02-Jan-2025 01:14:05 UTC] Ordem recebida: asc
[02-Jan-2025 01:14:05 UTC] Array
(
    [post_type] => photo
    [posts_per_page] => -1
    [orderby] => date
    [order] => asc
)

[02-Jan-2025 01:14:05 UTC] Número de posts encontrados: 16
[02-Jan-2025 01:17:47 UTC] PHP Warning:  Undefined array key "html" in C:\xampp\htdocs\nathalie-mota\wp-content\themes\nathaliemota\functions.php on line 228
[02-Jan-2025 01:18:24 UTC] PHP Warning:  Undefined array key "html" in C:\xampp\htdocs\nathalie-mota\wp-content\themes\nathaliemota\functions.php on line 228
[02-Jan-2025 01:18:37 UTC] Categoria recebida: 0
[02-Jan-2025 01:18:37 UTC] Formato recebido: 0
[02-Jan-2025 01:18:37 UTC] Ordem recebida: asc
[02-Jan-2025 01:18:37 UTC] Array
(
    [post_type] => photo
    [posts_per_page] => -1
    [orderby] => date
    [order] => asc
)

[02-Jan-2025 01:18:37 UTC] Número de posts encontrados: 16
[02-Jan-2025 01:18:40 UTC] Categoria recebida: 0
[02-Jan-2025 01:18:40 UTC] Formato recebido: 0
[02-Jan-2025 01:18:40 UTC] Ordem recebida: desc
[02-Jan-2025 01:18:40 UTC] Array
(
    [post_type] => photo
    [posts_per_page] => -1
    [orderby] => date
    [order] => desc
)

[02-Jan-2025 01:18:40 UTC] Número de posts encontrados: 16
[02-Jan-2025 01:18:55 UTC] PHP Warning:  Undefined array key "html" in C:\xampp\htdocs\nathalie-mota\wp-content\themes\nathaliemota\functions.php on line 228
[02-Jan-2025 01:21:47 UTC] Categoria recebida: 0
[02-Jan-2025 01:21:47 UTC] Formato recebido: 0
[02-Jan-2025 01:21:47 UTC] Ordem recebida: desc
[02-Jan-2025 01:21:47 UTC] Array
(
    [post_type] => photo
    [posts_per_page] => -1
    [orderby] => date
    [order] => desc
)

[02-Jan-2025 01:21:47 UTC] Número de posts encontrados: 16
[02-Jan-2025 01:21:52 UTC] PHP Warning:  Undefined array key "html" in C:\xampp\htdocs\nathalie-mota\wp-content\themes\nathaliemota\functions.php on line 228
[02-Jan-2025 01:21:57 UTC] Categoria recebida: 5
[02-Jan-2025 01:21:57 UTC] Formato recebido: 0
[02-Jan-2025 01:21:57 UTC] Ordem recebida: desc
[02-Jan-2025 01:21:57 UTC] Array
(
    [post_type] => photo
    [posts_per_page] => -1
    [orderby] => date
    [order] => desc
    [tax_query] => Array
        (
            [0] => Array
                (
                    [taxonomy] => categorie
                    [field] => term_id
                    [terms] => 5
                )

        )

)

[02-Jan-2025 01:21:57 UTC] Número de posts encontrados: 4
[02-Jan-2025 01:22:21 UTC] Categoria recebida: 5
[02-Jan-2025 01:22:21 UTC] Formato recebido: 0
[02-Jan-2025 01:22:21 UTC] Ordem recebida: desc
[02-Jan-2025 01:22:21 UTC] Array
(
    [post_type] => photo
    [posts_per_page] => -1
    [orderby] => date
    [order] => desc
    [tax_query] => Array
        (
            [0] => Array
                (
                    [taxonomy] => categorie
                    [field] => term_id
                    [terms] => 5
                )

        )

)

[02-Jan-2025 01:22:21 UTC] Número de posts encontrados: 4
[02-Jan-2025 01:24:51 UTC] Categoria recebida: 0
[02-Jan-2025 01:24:51 UTC] Formato recebido: 8
[02-Jan-2025 01:24:51 UTC] Ordem recebida: desc
[02-Jan-2025 01:24:51 UTC] Array
(
    [post_type] => photo
    [posts_per_page] => -1
    [orderby] => date
    [order] => desc
    [tax_query] => Array
        (
            [0] => Array
                (
                    [taxonomy] => format
                    [field] => term_id
                    [terms] => 8
                )

        )

)

[02-Jan-2025 01:24:51 UTC] Número de posts encontrados: 9
[02-Jan-2025 01:25:21 UTC] Categoria recebida: 5
[02-Jan-2025 01:25:21 UTC] Formato recebido: 8
[02-Jan-2025 01:25:21 UTC] Ordem recebida: desc
[02-Jan-2025 01:25:21 UTC] Array
(
    [post_type] => photo
    [posts_per_page] => -1
    [orderby] => date
    [order] => desc
    [tax_query] => Array
        (
            [0] => Array
                (
                    [taxonomy] => categorie
                    [field] => term_id
                    [terms] => 5
                )

            [1] => Array
                (
                    [taxonomy] => format
                    [field] => term_id
                    [terms] => 8
                )

        )

)

[02-Jan-2025 01:25:21 UTC] Número de posts encontrados: 3
[02-Jan-2025 01:31:40 UTC] Categoria recebida: 0
[02-Jan-2025 01:31:40 UTC] Formato recebido: 8
[02-Jan-2025 01:31:40 UTC] Ordem recebida: desc
[02-Jan-2025 01:31:40 UTC] Array
(
    [post_type] => photo
    [posts_per_page] => -1
    [orderby] => date
    [order] => desc
    [tax_query] => Array
        (
            [0] => Array
                (
                    [taxonomy] => format
                    [field] => term_id
                    [terms] => 8
                )

        )

)

[02-Jan-2025 03:19:42 UTC] PHP Warning:  Undefined array key "html" in C:\xampp\htdocs\nathalie-mota\wp-content\themes\nathaliemota\functions.php on line 228
[02-Jan-2025 17:45:03 UTC] PHP Warning:  mysqli_real_connect(): Error while reading greeting packet. PID=18784 in C:\xampp\htdocs\nathalie-mota\wp-includes\class-wpdb.php on line 1982
[02-Jan-2025 17:45:03 UTC] PHP Warning:  mysqli_real_connect(): (HY000/2006): MySQL server has gone away in C:\xampp\htdocs\nathalie-mota\wp-includes\class-wpdb.php on line 1982
[02-Jan-2025 17:45:03 UTC] PHP Fatal error:  Maximum execution time of 120 seconds exceeded in C:\xampp\htdocs\nathalie-mota\wp-includes\class-wpdb.php on line 1981
[02-Jan-2025 22:40:29 UTC] Automatic updates starting...
[02-Jan-2025 22:40:30 UTC] Automatic updates complete.
[02-Jan-2025 22:41:04 UTC] Categoria recebida: 0
[02-Jan-2025 22:41:04 UTC] Formato recebido: 8
[02-Jan-2025 22:41:04 UTC] Ordem recebida: desc
[02-Jan-2025 22:41:04 UTC] Array
(
    [post_type] => photo
    [posts_per_page] => -1
    [orderby] => date
    [order] => desc
    [tax_query] => Array
        (
            [0] => Array
                (
                    [taxonomy] => format
                    [field] => term_id
                    [terms] => 8
                )

        )

)

[02-Jan-2025 22:41:06 UTC] Categoria recebida: 0
[02-Jan-2025 22:41:06 UTC] Formato recebido: 8
[02-Jan-2025 22:41:06 UTC] Ordem recebida: desc
[02-Jan-2025 22:41:06 UTC] Array
(
    [post_type] => photo
    [posts_per_page] => -1
    [orderby] => date
    [order] => desc
    [tax_query] => Array
        (
            [0] => Array
                (
                    [taxonomy] => format
                    [field] => term_id
                    [terms] => 8
                )

        )

)

[02-Jan-2025 22:49:26 UTC] PHP Parse error:  syntax error, unexpected token "<", expecting end of file in C:\xampp\htdocs\nathalie-mota\wp-content\themes\nathaliemota\functions.php on line 316
[02-Jan-2025 22:49:28 UTC] PHP Parse error:  syntax error, unexpected token "<", expecting end of file in C:\xampp\htdocs\nathalie-mota\wp-content\themes\nathaliemota\functions.php on line 316
[02-Jan-2025 23:01:14 UTC] PHP Warning:  Undefined variable $categorie_id in C:\xampp\htdocs\nathalie-mota\wp-content\themes\nathaliemota\template-parts\photo\filter-photo.php on line 19
[02-Jan-2025 23:01:14 UTC] PHP Warning:  Undefined variable $categorie_id in C:\xampp\htdocs\nathalie-mota\wp-content\themes\nathaliemota\template-parts\photo\filter-photo.php on line 19
[02-Jan-2025 23:01:14 UTC] PHP Warning:  Undefined variable $categorie_id in C:\xampp\htdocs\nathalie-mota\wp-content\themes\nathaliemota\template-parts\photo\filter-photo.php on line 19
[02-Jan-2025 23:01:14 UTC] PHP Warning:  Undefined variable $categorie_id in C:\xampp\htdocs\nathalie-mota\wp-content\themes\nathaliemota\template-parts\photo\filter-photo.php on line 19
[02-Jan-2025 23:01:14 UTC] PHP Warning:  Undefined variable $format_id in C:\xampp\htdocs\nathalie-mota\wp-content\themes\nathaliemota\template-parts\photo\filter-photo.php on line 39
[02-Jan-2025 23:01:14 UTC] PHP Warning:  Undefined variable $format_id in C:\xampp\htdocs\nathalie-mota\wp-content\themes\nathaliemota\template-parts\photo\filter-photo.php on line 39
[02-Jan-2025 23:02:34 UTC] PHP Warning:  Undefined variable $categorie_id in C:\xampp\htdocs\nathalie-mota\wp-content\themes\nathaliemota\template-parts\photo\filter-photo.php on line 19
[02-Jan-2025 23:02:34 UTC] PHP Warning:  Undefined variable $categorie_id in C:\xampp\htdocs\nathalie-mota\wp-content\themes\nathaliemota\template-parts\photo\filter-photo.php on line 19
[02-Jan-2025 23:02:34 UTC] PHP Warning:  Undefined variable $categorie_id in C:\xampp\htdocs\nathalie-mota\wp-content\themes\nathaliemota\template-parts\photo\filter-photo.php on line 19
[02-Jan-2025 23:02:34 UTC] PHP Warning:  Undefined variable $categorie_id in C:\xampp\htdocs\nathalie-mota\wp-content\themes\nathaliemota\template-parts\photo\filter-photo.php on line 19
[02-Jan-2025 23:02:34 UTC] PHP Warning:  Undefined variable $format_id in C:\xampp\htdocs\nathalie-mota\wp-content\themes\nathaliemota\template-parts\photo\filter-photo.php on line 39
[02-Jan-2025 23:02:34 UTC] PHP Warning:  Undefined variable $format_id in C:\xampp\htdocs\nathalie-mota\wp-content\themes\nathaliemota\template-parts\photo\filter-photo.php on line 39
[02-Jan-2025 23:05:08 UTC] PHP Warning:  Undefined variable $categorie_id in C:\xampp\htdocs\nathalie-mota\wp-content\themes\nathaliemota\template-parts\photo\filter-photo.php on line 19
[02-Jan-2025 23:05:08 UTC] PHP Warning:  Undefined variable $categorie_id in C:\xampp\htdocs\nathalie-mota\wp-content\themes\nathaliemota\template-parts\photo\filter-photo.php on line 19
[02-Jan-2025 23:05:08 UTC] PHP Warning:  Undefined variable $categorie_id in C:\xampp\htdocs\nathalie-mota\wp-content\themes\nathaliemota\template-parts\photo\filter-photo.php on line 19
[02-Jan-2025 23:05:08 UTC] PHP Warning:  Undefined variable $categorie_id in C:\xampp\htdocs\nathalie-mota\wp-content\themes\nathaliemota\template-parts\photo\filter-photo.php on line 19
[02-Jan-2025 23:05:08 UTC] PHP Warning:  Undefined variable $format_id in C:\xampp\htdocs\nathalie-mota\wp-content\themes\nathaliemota\template-parts\photo\filter-photo.php on line 39
[02-Jan-2025 23:05:08 UTC] PHP Warning:  Undefined variable $format_id in C:\xampp\htdocs\nathalie-mota\wp-content\themes\nathaliemota\template-parts\photo\filter-photo.php on line 39
[02-Jan-2025 23:08:15 UTC] PHP Warning:  Undefined variable $categorie_id in C:\xampp\htdocs\nathalie-mota\wp-content\themes\nathaliemota\template-parts\photo\filter-photo.php on line 19
[02-Jan-2025 23:08:15 UTC] PHP Warning:  Undefined variable $categorie_id in C:\xampp\htdocs\nathalie-mota\wp-content\themes\nathaliemota\template-parts\photo\filter-photo.php on line 19
[02-Jan-2025 23:08:15 UTC] PHP Warning:  Undefined variable $categorie_id in C:\xampp\htdocs\nathalie-mota\wp-content\themes\nathaliemota\template-parts\photo\filter-photo.php on line 19
[02-Jan-2025 23:08:15 UTC] PHP Warning:  Undefined variable $categorie_id in C:\xampp\htdocs\nathalie-mota\wp-content\themes\nathaliemota\template-parts\photo\filter-photo.php on line 19
[02-Jan-2025 23:08:15 UTC] PHP Warning:  Undefined variable $format_id in C:\xampp\htdocs\nathalie-mota\wp-content\themes\nathaliemota\template-parts\photo\filter-photo.php on line 39
[02-Jan-2025 23:08:15 UTC] PHP Warning:  Undefined variable $format_id in C:\xampp\htdocs\nathalie-mota\wp-content\themes\nathaliemota\template-parts\photo\filter-photo.php on line 39
[02-Jan-2025 23:09:44 UTC] PHP Warning:  Undefined variable $categorie_id in C:\xampp\htdocs\nathalie-mota\wp-content\themes\nathaliemota\template-parts\photo\filter-photo.php on line 19
[02-Jan-2025 23:09:44 UTC] PHP Warning:  Undefined variable $categorie_id in C:\xampp\htdocs\nathalie-mota\wp-content\themes\nathaliemota\template-parts\photo\filter-photo.php on line 19
[02-Jan-2025 23:09:44 UTC] PHP Warning:  Undefined variable $categorie_id in C:\xampp\htdocs\nathalie-mota\wp-content\themes\nathaliemota\template-parts\photo\filter-photo.php on line 19
[02-Jan-2025 23:09:44 UTC] PHP Warning:  Undefined variable $categorie_id in C:\xampp\htdocs\nathalie-mota\wp-content\themes\nathaliemota\template-parts\photo\filter-photo.php on line 19
[02-Jan-2025 23:09:44 UTC] PHP Warning:  Undefined variable $format_id in C:\xampp\htdocs\nathalie-mota\wp-content\themes\nathaliemota\template-parts\photo\filter-photo.php on line 39
[02-Jan-2025 23:09:44 UTC] PHP Warning:  Undefined variable $format_id in C:\xampp\htdocs\nathalie-mota\wp-content\themes\nathaliemota\template-parts\photo\filter-photo.php on line 39
[02-Jan-2025 23:09:56 UTC] PHP Warning:  Undefined variable $categorie_id in C:\xampp\htdocs\nathalie-mota\wp-content\themes\nathaliemota\template-parts\photo\filter-photo.php on line 19
[02-Jan-2025 23:09:56 UTC] PHP Warning:  Undefined variable $categorie_id in C:\xampp\htdocs\nathalie-mota\wp-content\themes\nathaliemota\template-parts\photo\filter-photo.php on line 19
[02-Jan-2025 23:09:56 UTC] PHP Warning:  Undefined variable $categorie_id in C:\xampp\htdocs\nathalie-mota\wp-content\themes\nathaliemota\template-parts\photo\filter-photo.php on line 19
[02-Jan-2025 23:09:56 UTC] PHP Warning:  Undefined variable $categorie_id in C:\xampp\htdocs\nathalie-mota\wp-content\themes\nathaliemota\template-parts\photo\filter-photo.php on line 19
[02-Jan-2025 23:09:56 UTC] PHP Warning:  Undefined variable $format_id in C:\xampp\htdocs\nathalie-mota\wp-content\themes\nathaliemota\template-parts\photo\filter-photo.php on line 39
[02-Jan-2025 23:09:56 UTC] PHP Warning:  Undefined variable $format_id in C:\xampp\htdocs\nathalie-mota\wp-content\themes\nathaliemota\template-parts\photo\filter-photo.php on line 39
[02-Jan-2025 23:10:23 UTC] PHP Warning:  Undefined variable $categorie_id in C:\xampp\htdocs\nathalie-mota\wp-content\themes\nathaliemota\template-parts\photo\filter-photo.php on line 19
[02-Jan-2025 23:10:23 UTC] PHP Warning:  Undefined variable $categorie_id in C:\xampp\htdocs\nathalie-mota\wp-content\themes\nathaliemota\template-parts\photo\filter-photo.php on line 19
[02-Jan-2025 23:10:23 UTC] PHP Warning:  Undefined variable $categorie_id in C:\xampp\htdocs\nathalie-mota\wp-content\themes\nathaliemota\template-parts\photo\filter-photo.php on line 19
[02-Jan-2025 23:10:23 UTC] PHP Warning:  Undefined variable $categorie_id in C:\xampp\htdocs\nathalie-mota\wp-content\themes\nathaliemota\template-parts\photo\filter-photo.php on line 19
[02-Jan-2025 23:10:23 UTC] PHP Warning:  Undefined variable $format_id in C:\xampp\htdocs\nathalie-mota\wp-content\themes\nathaliemota\template-parts\photo\filter-photo.php on line 39
[02-Jan-2025 23:10:23 UTC] PHP Warning:  Undefined variable $format_id in C:\xampp\htdocs\nathalie-mota\wp-content\themes\nathaliemota\template-parts\photo\filter-photo.php on line 39
[02-Jan-2025 23:10:30 UTC] PHP Warning:  Undefined variable $categorie_id in C:\xampp\htdocs\nathalie-mota\wp-content\themes\nathaliemota\template-parts\photo\filter-photo.php on line 19
[02-Jan-2025 23:10:30 UTC] PHP Warning:  Undefined variable $categorie_id in C:\xampp\htdocs\nathalie-mota\wp-content\themes\nathaliemota\template-parts\photo\filter-photo.php on line 19
[02-Jan-2025 23:10:30 UTC] PHP Warning:  Undefined variable $categorie_id in C:\xampp\htdocs\nathalie-mota\wp-content\themes\nathaliemota\template-parts\photo\filter-photo.php on line 19
[02-Jan-2025 23:10:30 UTC] PHP Warning:  Undefined variable $categorie_id in C:\xampp\htdocs\nathalie-mota\wp-content\themes\nathaliemota\template-parts\photo\filter-photo.php on line 19
[02-Jan-2025 23:10:30 UTC] PHP Warning:  Undefined variable $format_id in C:\xampp\htdocs\nathalie-mota\wp-content\themes\nathaliemota\template-parts\photo\filter-photo.php on line 39
[02-Jan-2025 23:10:30 UTC] PHP Warning:  Undefined variable $format_id in C:\xampp\htdocs\nathalie-mota\wp-content\themes\nathaliemota\template-parts\photo\filter-photo.php on line 39
[02-Jan-2025 23:10:44 UTC] PHP Warning:  Undefined variable $categorie_id in C:\xampp\htdocs\nathalie-mota\wp-content\themes\nathaliemota\template-parts\photo\filter-photo.php on line 19
[02-Jan-2025 23:10:44 UTC] PHP Warning:  Undefined variable $categorie_id in C:\xampp\htdocs\nathalie-mota\wp-content\themes\nathaliemota\template-parts\photo\filter-photo.php on line 19
[02-Jan-2025 23:10:44 UTC] PHP Warning:  Undefined variable $categorie_id in C:\xampp\htdocs\nathalie-mota\wp-content\themes\nathaliemota\template-parts\photo\filter-photo.php on line 19
[02-Jan-2025 23:10:44 UTC] PHP Warning:  Undefined variable $categorie_id in C:\xampp\htdocs\nathalie-mota\wp-content\themes\nathaliemota\template-parts\photo\filter-photo.php on line 19
[02-Jan-2025 23:10:44 UTC] PHP Warning:  Undefined variable $format_id in C:\xampp\htdocs\nathalie-mota\wp-content\themes\nathaliemota\template-parts\photo\filter-photo.php on line 39
[02-Jan-2025 23:10:44 UTC] PHP Warning:  Undefined variable $format_id in C:\xampp\htdocs\nathalie-mota\wp-content\themes\nathaliemota\template-parts\photo\filter-photo.php on line 39
[02-Jan-2025 23:12:23 UTC] PHP Warning:  Undefined variable $categorie_id in C:\xampp\htdocs\nathalie-mota\wp-content\themes\nathaliemota\template-parts\photo\filter-photo.php on line 19
[02-Jan-2025 23:12:23 UTC] PHP Warning:  Undefined variable $categorie_id in C:\xampp\htdocs\nathalie-mota\wp-content\themes\nathaliemota\template-parts\photo\filter-photo.php on line 19
[02-Jan-2025 23:12:23 UTC] PHP Warning:  Undefined variable $categorie_id in C:\xampp\htdocs\nathalie-mota\wp-content\themes\nathaliemota\template-parts\photo\filter-photo.php on line 19
[02-Jan-2025 23:12:23 UTC] PHP Warning:  Undefined variable $categorie_id in C:\xampp\htdocs\nathalie-mota\wp-content\themes\nathaliemota\template-parts\photo\filter-photo.php on line 19
[02-Jan-2025 23:12:23 UTC] PHP Warning:  Undefined variable $format_id in C:\xampp\htdocs\nathalie-mota\wp-content\themes\nathaliemota\template-parts\photo\filter-photo.php on line 39
[02-Jan-2025 23:12:23 UTC] PHP Warning:  Undefined variable $format_id in C:\xampp\htdocs\nathalie-mota\wp-content\themes\nathaliemota\template-parts\photo\filter-photo.php on line 39
[02-Jan-2025 23:13:01 UTC] PHP Warning:  Undefined variable $categorie_id in C:\xampp\htdocs\nathalie-mota\wp-content\themes\nathaliemota\template-parts\photo\filter-photo.php on line 19
[02-Jan-2025 23:13:01 UTC] PHP Warning:  Undefined variable $categorie_id in C:\xampp\htdocs\nathalie-mota\wp-content\themes\nathaliemota\template-parts\photo\filter-photo.php on line 19
[02-Jan-2025 23:13:01 UTC] PHP Warning:  Undefined variable $categorie_id in C:\xampp\htdocs\nathalie-mota\wp-content\themes\nathaliemota\template-parts\photo\filter-photo.php on line 19
[02-Jan-2025 23:13:01 UTC] PHP Warning:  Undefined variable $categorie_id in C:\xampp\htdocs\nathalie-mota\wp-content\themes\nathaliemota\template-parts\photo\filter-photo.php on line 19
[02-Jan-2025 23:13:01 UTC] PHP Warning:  Undefined variable $format_id in C:\xampp\htdocs\nathalie-mota\wp-content\themes\nathaliemota\template-parts\photo\filter-photo.php on line 39
[02-Jan-2025 23:13:01 UTC] PHP Warning:  Undefined variable $format_id in C:\xampp\htdocs\nathalie-mota\wp-content\themes\nathaliemota\template-parts\photo\filter-photo.php on line 39
[02-Jan-2025 23:15:55 UTC] PHP Warning:  Undefined variable $categorie_id in C:\xampp\htdocs\nathalie-mota\wp-content\themes\nathaliemota\template-parts\photo\filter-photo.php on line 19
[02-Jan-2025 23:15:55 UTC] PHP Warning:  Undefined variable $categorie_id in C:\xampp\htdocs\nathalie-mota\wp-content\themes\nathaliemota\template-parts\photo\filter-photo.php on line 19
[02-Jan-2025 23:15:55 UTC] PHP Warning:  Undefined variable $categorie_id in C:\xampp\htdocs\nathalie-mota\wp-content\themes\nathaliemota\template-parts\photo\filter-photo.php on line 19
[02-Jan-2025 23:15:55 UTC] PHP Warning:  Undefined variable $categorie_id in C:\xampp\htdocs\nathalie-mota\wp-content\themes\nathaliemota\template-parts\photo\filter-photo.php on line 19
[02-Jan-2025 23:15:55 UTC] PHP Warning:  Undefined variable $format_id in C:\xampp\htdocs\nathalie-mota\wp-content\themes\nathaliemota\template-parts\photo\filter-photo.php on line 39
[02-Jan-2025 23:15:55 UTC] PHP Warning:  Undefined variable $format_id in C:\xampp\htdocs\nathalie-mota\wp-content\themes\nathaliemota\template-parts\photo\filter-photo.php on line 39
[02-Jan-2025 23:29:48 UTC] PHP Warning:  Undefined variable $categorie_id in C:\xampp\htdocs\nathalie-mota\wp-content\themes\nathaliemota\template-parts\photo\filter-photo.php on line 20
[02-Jan-2025 23:29:48 UTC] PHP Warning:  Undefined variable $categorie_id in C:\xampp\htdocs\nathalie-mota\wp-content\themes\nathaliemota\template-parts\photo\filter-photo.php on line 20
[02-Jan-2025 23:29:48 UTC] PHP Warning:  Undefined variable $categorie_id in C:\xampp\htdocs\nathalie-mota\wp-content\themes\nathaliemota\template-parts\photo\filter-photo.php on line 20
[02-Jan-2025 23:29:48 UTC] PHP Warning:  Undefined variable $categorie_id in C:\xampp\htdocs\nathalie-mota\wp-content\themes\nathaliemota\template-parts\photo\filter-photo.php on line 20
[02-Jan-2025 23:29:48 UTC] PHP Warning:  Undefined variable $format_id in C:\xampp\htdocs\nathalie-mota\wp-content\themes\nathaliemota\template-parts\photo\filter-photo.php on line 40
[02-Jan-2025 23:29:48 UTC] PHP Warning:  Undefined variable $format_id in C:\xampp\htdocs\nathalie-mota\wp-content\themes\nathaliemota\template-parts\photo\filter-photo.php on line 40
[02-Jan-2025 23:30:42 UTC] PHP Warning:  Undefined variable $categorie_id in C:\xampp\htdocs\nathalie-mota\wp-content\themes\nathaliemota\template-parts\photo\filter-photo.php on line 20
[02-Jan-2025 23:30:42 UTC] PHP Warning:  Undefined variable $categorie_id in C:\xampp\htdocs\nathalie-mota\wp-content\themes\nathaliemota\template-parts\photo\filter-photo.php on line 20
[02-Jan-2025 23:30:42 UTC] PHP Warning:  Undefined variable $categorie_id in C:\xampp\htdocs\nathalie-mota\wp-content\themes\nathaliemota\template-parts\photo\filter-photo.php on line 20
[02-Jan-2025 23:30:42 UTC] PHP Warning:  Undefined variable $categorie_id in C:\xampp\htdocs\nathalie-mota\wp-content\themes\nathaliemota\template-parts\photo\filter-photo.php on line 20
[02-Jan-2025 23:30:42 UTC] PHP Warning:  Undefined variable $format_id in C:\xampp\htdocs\nathalie-mota\wp-content\themes\nathaliemota\template-parts\photo\filter-photo.php on line 40
[02-Jan-2025 23:30:42 UTC] PHP Warning:  Undefined variable $format_id in C:\xampp\htdocs\nathalie-mota\wp-content\themes\nathaliemota\template-parts\photo\filter-photo.php on line 40
[02-Jan-2025 23:30:56 UTC] PHP Warning:  Undefined variable $categorie_id in C:\xampp\htdocs\nathalie-mota\wp-content\themes\nathaliemota\template-parts\photo\filter-photo.php on line 20
[02-Jan-2025 23:30:56 UTC] PHP Warning:  Undefined variable $categorie_id in C:\xampp\htdocs\nathalie-mota\wp-content\themes\nathaliemota\template-parts\photo\filter-photo.php on line 20
[02-Jan-2025 23:30:56 UTC] PHP Warning:  Undefined variable $categorie_id in C:\xampp\htdocs\nathalie-mota\wp-content\themes\nathaliemota\template-parts\photo\filter-photo.php on line 20
[02-Jan-2025 23:30:56 UTC] PHP Warning:  Undefined variable $categorie_id in C:\xampp\htdocs\nathalie-mota\wp-content\themes\nathaliemota\template-parts\photo\filter-photo.php on line 20
[02-Jan-2025 23:30:56 UTC] PHP Warning:  Undefined variable $format_id in C:\xampp\htdocs\nathalie-mota\wp-content\themes\nathaliemota\template-parts\photo\filter-photo.php on line 40
[02-Jan-2025 23:30:56 UTC] PHP Warning:  Undefined variable $format_id in C:\xampp\htdocs\nathalie-mota\wp-content\themes\nathaliemota\template-parts\photo\filter-photo.php on line 40
[02-Jan-2025 23:31:15 UTC] PHP Warning:  Undefined variable $categorie_id in C:\xampp\htdocs\nathalie-mota\wp-content\themes\nathaliemota\template-parts\photo\filter-photo.php on line 20
[02-Jan-2025 23:31:15 UTC] PHP Warning:  Undefined variable $categorie_id in C:\xampp\htdocs\nathalie-mota\wp-content\themes\nathaliemota\template-parts\photo\filter-photo.php on line 20
[02-Jan-2025 23:31:15 UTC] PHP Warning:  Undefined variable $categorie_id in C:\xampp\htdocs\nathalie-mota\wp-content\themes\nathaliemota\template-parts\photo\filter-photo.php on line 20
[02-Jan-2025 23:31:15 UTC] PHP Warning:  Undefined variable $categorie_id in C:\xampp\htdocs\nathalie-mota\wp-content\themes\nathaliemota\template-parts\photo\filter-photo.php on line 20
[02-Jan-2025 23:31:15 UTC] PHP Warning:  Undefined variable $format_id in C:\xampp\htdocs\nathalie-mota\wp-content\themes\nathaliemota\template-parts\photo\filter-photo.php on line 40
[02-Jan-2025 23:31:15 UTC] PHP Warning:  Undefined variable $format_id in C:\xampp\htdocs\nathalie-mota\wp-content\themes\nathaliemota\template-parts\photo\filter-photo.php on line 40
[02-Jan-2025 23:31:42 UTC] PHP Warning:  Undefined variable $categorie_id in C:\xampp\htdocs\nathalie-mota\wp-content\themes\nathaliemota\template-parts\photo\filter-photo.php on line 20
[02-Jan-2025 23:31:42 UTC] PHP Warning:  Undefined variable $categorie_id in C:\xampp\htdocs\nathalie-mota\wp-content\themes\nathaliemota\template-parts\photo\filter-photo.php on line 20
[02-Jan-2025 23:31:42 UTC] PHP Warning:  Undefined variable $categorie_id in C:\xampp\htdocs\nathalie-mota\wp-content\themes\nathaliemota\template-parts\photo\filter-photo.php on line 20
[02-Jan-2025 23:31:42 UTC] PHP Warning:  Undefined variable $categorie_id in C:\xampp\htdocs\nathalie-mota\wp-content\themes\nathaliemota\template-parts\photo\filter-photo.php on line 20
[02-Jan-2025 23:31:42 UTC] PHP Warning:  Undefined variable $format_id in C:\xampp\htdocs\nathalie-mota\wp-content\themes\nathaliemota\template-parts\photo\filter-photo.php on line 40
[02-Jan-2025 23:31:42 UTC] PHP Warning:  Undefined variable $format_id in C:\xampp\htdocs\nathalie-mota\wp-content\themes\nathaliemota\template-parts\photo\filter-photo.php on line 40
[02-Jan-2025 23:32:47 UTC] PHP Warning:  Undefined variable $categorie_id in C:\xampp\htdocs\nathalie-mota\wp-content\themes\nathaliemota\template-parts\photo\filter-photo.php on line 20
[02-Jan-2025 23:32:47 UTC] PHP Warning:  Undefined variable $categorie_id in C:\xampp\htdocs\nathalie-mota\wp-content\themes\nathaliemota\template-parts\photo\filter-photo.php on line 20
[02-Jan-2025 23:32:47 UTC] PHP Warning:  Undefined variable $categorie_id in C:\xampp\htdocs\nathalie-mota\wp-content\themes\nathaliemota\template-parts\photo\filter-photo.php on line 20
[02-Jan-2025 23:32:47 UTC] PHP Warning:  Undefined variable $categorie_id in C:\xampp\htdocs\nathalie-mota\wp-content\themes\nathaliemota\template-parts\photo\filter-photo.php on line 20
[02-Jan-2025 23:32:47 UTC] PHP Warning:  Undefined variable $format_id in C:\xampp\htdocs\nathalie-mota\wp-content\themes\nathaliemota\template-parts\photo\filter-photo.php on line 40
[02-Jan-2025 23:32:47 UTC] PHP Warning:  Undefined variable $format_id in C:\xampp\htdocs\nathalie-mota\wp-content\themes\nathaliemota\template-parts\photo\filter-photo.php on line 40
[02-Jan-2025 23:37:06 UTC] PHP Warning:  Undefined variable $categorie_id in C:\xampp\htdocs\nathalie-mota\wp-content\themes\nathaliemota\template-parts\photo\filter-photo.php on line 20
[02-Jan-2025 23:37:06 UTC] PHP Warning:  Undefined variable $categorie_id in C:\xampp\htdocs\nathalie-mota\wp-content\themes\nathaliemota\template-parts\photo\filter-photo.php on line 20
[02-Jan-2025 23:37:06 UTC] PHP Warning:  Undefined variable $categorie_id in C:\xampp\htdocs\nathalie-mota\wp-content\themes\nathaliemota\template-parts\photo\filter-photo.php on line 20
[02-Jan-2025 23:37:06 UTC] PHP Warning:  Undefined variable $categorie_id in C:\xampp\htdocs\nathalie-mota\wp-content\themes\nathaliemota\template-parts\photo\filter-photo.php on line 20
[02-Jan-2025 23:37:06 UTC] PHP Warning:  Undefined variable $format_id in C:\xampp\htdocs\nathalie-mota\wp-content\themes\nathaliemota\template-parts\photo\filter-photo.php on line 40
[02-Jan-2025 23:37:06 UTC] PHP Warning:  Undefined variable $format_id in C:\xampp\htdocs\nathalie-mota\wp-content\themes\nathaliemota\template-parts\photo\filter-photo.php on line 40
[02-Jan-2025 23:37:11 UTC] PHP Warning:  Undefined variable $categorie_id in C:\xampp\htdocs\nathalie-mota\wp-content\themes\nathaliemota\template-parts\photo\filter-photo.php on line 20
[02-Jan-2025 23:37:11 UTC] PHP Warning:  Undefined variable $categorie_id in C:\xampp\htdocs\nathalie-mota\wp-content\themes\nathaliemota\template-parts\photo\filter-photo.php on line 20
[02-Jan-2025 23:37:11 UTC] PHP Warning:  Undefined variable $categorie_id in C:\xampp\htdocs\nathalie-mota\wp-content\themes\nathaliemota\template-parts\photo\filter-photo.php on line 20
[02-Jan-2025 23:37:11 UTC] PHP Warning:  Undefined variable $categorie_id in C:\xampp\htdocs\nathalie-mota\wp-content\themes\nathaliemota\template-parts\photo\filter-photo.php on line 20
[02-Jan-2025 23:37:11 UTC] PHP Warning:  Undefined variable $format_id in C:\xampp\htdocs\nathalie-mota\wp-content\themes\nathaliemota\template-parts\photo\filter-photo.php on line 40
[02-Jan-2025 23:37:11 UTC] PHP Warning:  Undefined variable $format_id in C:\xampp\htdocs\nathalie-mota\wp-content\themes\nathaliemota\template-parts\photo\filter-photo.php on line 40
[02-Jan-2025 23:38:47 UTC] PHP Warning:  Undefined variable $categorie_id in C:\xampp\htdocs\nathalie-mota\wp-content\themes\nathaliemota\template-parts\photo\filter-photo.php on line 19
[02-Jan-2025 23:38:47 UTC] PHP Warning:  Undefined variable $categorie_id in C:\xampp\htdocs\nathalie-mota\wp-content\themes\nathaliemota\template-parts\photo\filter-photo.php on line 19
[02-Jan-2025 23:38:47 UTC] PHP Warning:  Undefined variable $categorie_id in C:\xampp\htdocs\nathalie-mota\wp-content\themes\nathaliemota\template-parts\photo\filter-photo.php on line 19
[02-Jan-2025 23:38:47 UTC] PHP Warning:  Undefined variable $categorie_id in C:\xampp\htdocs\nathalie-mota\wp-content\themes\nathaliemota\template-parts\photo\filter-photo.php on line 19
[02-Jan-2025 23:38:47 UTC] PHP Warning:  Undefined variable $format_id in C:\xampp\htdocs\nathalie-mota\wp-content\themes\nathaliemota\template-parts\photo\filter-photo.php on line 42
[02-Jan-2025 23:38:47 UTC] PHP Warning:  Undefined variable $format_id in C:\xampp\htdocs\nathalie-mota\wp-content\themes\nathaliemota\template-parts\photo\filter-photo.php on line 42
[02-Jan-2025 23:40:21 UTC] PHP Warning:  Undefined variable $categorie_id in C:\xampp\htdocs\nathalie-mota\wp-content\themes\nathaliemota\template-parts\photo\filter-photo.php on line 20
[02-Jan-2025 23:40:21 UTC] PHP Warning:  Undefined variable $categorie_id in C:\xampp\htdocs\nathalie-mota\wp-content\themes\nathaliemota\template-parts\photo\filter-photo.php on line 20
[02-Jan-2025 23:40:21 UTC] PHP Warning:  Undefined variable $categorie_id in C:\xampp\htdocs\nathalie-mota\wp-content\themes\nathaliemota\template-parts\photo\filter-photo.php on line 20
[02-Jan-2025 23:40:21 UTC] PHP Warning:  Undefined variable $categorie_id in C:\xampp\htdocs\nathalie-mota\wp-content\themes\nathaliemota\template-parts\photo\filter-photo.php on line 20
[02-Jan-2025 23:40:21 UTC] PHP Warning:  Undefined variable $format_id in C:\xampp\htdocs\nathalie-mota\wp-content\themes\nathaliemota\template-parts\photo\filter-photo.php on line 40
[02-Jan-2025 23:40:21 UTC] PHP Warning:  Undefined variable $format_id in C:\xampp\htdocs\nathalie-mota\wp-content\themes\nathaliemota\template-parts\photo\filter-photo.php on line 40
[02-Jan-2025 23:40:38 UTC] PHP Warning:  Undefined variable $categorie_id in C:\xampp\htdocs\nathalie-mota\wp-content\themes\nathaliemota\template-parts\photo\filter-photo.php on line 19
[02-Jan-2025 23:40:38 UTC] PHP Warning:  Undefined variable $categorie_id in C:\xampp\htdocs\nathalie-mota\wp-content\themes\nathaliemota\template-parts\photo\filter-photo.php on line 19
[02-Jan-2025 23:40:38 UTC] PHP Warning:  Undefined variable $categorie_id in C:\xampp\htdocs\nathalie-mota\wp-content\themes\nathaliemota\template-parts\photo\filter-photo.php on line 19
[02-Jan-2025 23:40:38 UTC] PHP Warning:  Undefined variable $categorie_id in C:\xampp\htdocs\nathalie-mota\wp-content\themes\nathaliemota\template-parts\photo\filter-photo.php on line 19
[02-Jan-2025 23:40:38 UTC] PHP Warning:  Undefined variable $format_id in C:\xampp\htdocs\nathalie-mota\wp-content\themes\nathaliemota\template-parts\photo\filter-photo.php on line 39
[02-Jan-2025 23:40:38 UTC] PHP Warning:  Undefined variable $format_id in C:\xampp\htdocs\nathalie-mota\wp-content\themes\nathaliemota\template-parts\photo\filter-photo.php on line 39
[02-Jan-2025 23:43:09 UTC] PHP Warning:  Undefined variable $categorie_id in C:\xampp\htdocs\nathalie-mota\wp-content\themes\nathaliemota\template-parts\photo\filter-photo.php on line 19
[02-Jan-2025 23:43:09 UTC] PHP Warning:  Undefined variable $categorie_id in C:\xampp\htdocs\nathalie-mota\wp-content\themes\nathaliemota\template-parts\photo\filter-photo.php on line 19
[02-Jan-2025 23:43:09 UTC] PHP Warning:  Undefined variable $categorie_id in C:\xampp\htdocs\nathalie-mota\wp-content\themes\nathaliemota\template-parts\photo\filter-photo.php on line 19
[02-Jan-2025 23:43:09 UTC] PHP Warning:  Undefined variable $categorie_id in C:\xampp\htdocs\nathalie-mota\wp-content\themes\nathaliemota\template-parts\photo\filter-photo.php on line 19
[02-Jan-2025 23:43:09 UTC] PHP Warning:  Undefined variable $format_id in C:\xampp\htdocs\nathalie-mota\wp-content\themes\nathaliemota\template-parts\photo\filter-photo.php on line 39
[02-Jan-2025 23:43:09 UTC] PHP Warning:  Undefined variable $format_id in C:\xampp\htdocs\nathalie-mota\wp-content\themes\nathaliemota\template-parts\photo\filter-photo.php on line 39
[02-Jan-2025 23:43:41 UTC] PHP Warning:  Undefined variable $categorie_id in C:\xampp\htdocs\nathalie-mota\wp-content\themes\nathaliemota\template-parts\photo\filter-photo.php on line 19
[02-Jan-2025 23:43:41 UTC] PHP Warning:  Undefined variable $categorie_id in C:\xampp\htdocs\nathalie-mota\wp-content\themes\nathaliemota\template-parts\photo\filter-photo.php on line 19
[02-Jan-2025 23:43:41 UTC] PHP Warning:  Undefined variable $categorie_id in C:\xampp\htdocs\nathalie-mota\wp-content\themes\nathaliemota\template-parts\photo\filter-photo.php on line 19
[02-Jan-2025 23:43:41 UTC] PHP Warning:  Undefined variable $categorie_id in C:\xampp\htdocs\nathalie-mota\wp-content\themes\nathaliemota\template-parts\photo\filter-photo.php on line 19
[02-Jan-2025 23:43:41 UTC] PHP Warning:  Undefined variable $format_id in C:\xampp\htdocs\nathalie-mota\wp-content\themes\nathaliemota\template-parts\photo\filter-photo.php on line 39
[02-Jan-2025 23:43:41 UTC] PHP Warning:  Undefined variable $format_id in C:\xampp\htdocs\nathalie-mota\wp-content\themes\nathaliemota\template-parts\photo\filter-photo.php on line 39
[02-Jan-2025 23:43:56 UTC] PHP Warning:  Undefined variable $categorie_id in C:\xampp\htdocs\nathalie-mota\wp-content\themes\nathaliemota\template-parts\photo\filter-photo.php on line 19
[02-Jan-2025 23:43:56 UTC] PHP Warning:  Undefined variable $categorie_id in C:\xampp\htdocs\nathalie-mota\wp-content\themes\nathaliemota\template-parts\photo\filter-photo.php on line 19
[02-Jan-2025 23:43:56 UTC] PHP Warning:  Undefined variable $categorie_id in C:\xampp\htdocs\nathalie-mota\wp-content\themes\nathaliemota\template-parts\photo\filter-photo.php on line 19
[02-Jan-2025 23:43:56 UTC] PHP Warning:  Undefined variable $categorie_id in C:\xampp\htdocs\nathalie-mota\wp-content\themes\nathaliemota\template-parts\photo\filter-photo.php on line 19
[02-Jan-2025 23:43:56 UTC] PHP Warning:  Undefined variable $format_id in C:\xampp\htdocs\nathalie-mota\wp-content\themes\nathaliemota\template-parts\photo\filter-photo.php on line 39
[02-Jan-2025 23:43:56 UTC] PHP Warning:  Undefined variable $format_id in C:\xampp\htdocs\nathalie-mota\wp-content\themes\nathaliemota\template-parts\photo\filter-photo.php on line 39
[02-Jan-2025 23:44:25 UTC] PHP Warning:  Undefined variable $categorie_id in C:\xampp\htdocs\nathalie-mota\wp-content\themes\nathaliemota\template-parts\photo\filter-photo.php on line 19
[02-Jan-2025 23:44:25 UTC] PHP Warning:  Undefined variable $categorie_id in C:\xampp\htdocs\nathalie-mota\wp-content\themes\nathaliemota\template-parts\photo\filter-photo.php on line 19
[02-Jan-2025 23:44:25 UTC] PHP Warning:  Undefined variable $categorie_id in C:\xampp\htdocs\nathalie-mota\wp-content\themes\nathaliemota\template-parts\photo\filter-photo.php on line 19
[02-Jan-2025 23:44:25 UTC] PHP Warning:  Undefined variable $categorie_id in C:\xampp\htdocs\nathalie-mota\wp-content\themes\nathaliemota\template-parts\photo\filter-photo.php on line 19
[02-Jan-2025 23:44:25 UTC] PHP Warning:  Undefined variable $format_id in C:\xampp\htdocs\nathalie-mota\wp-content\themes\nathaliemota\template-parts\photo\filter-photo.php on line 39
[02-Jan-2025 23:44:25 UTC] PHP Warning:  Undefined variable $format_id in C:\xampp\htdocs\nathalie-mota\wp-content\themes\nathaliemota\template-parts\photo\filter-photo.php on line 39
[02-Jan-2025 23:44:40 UTC] PHP Warning:  Undefined variable $categorie_id in C:\xampp\htdocs\nathalie-mota\wp-content\themes\nathaliemota\template-parts\photo\filter-photo.php on line 19
[02-Jan-2025 23:44:40 UTC] PHP Warning:  Undefined variable $categorie_id in C:\xampp\htdocs\nathalie-mota\wp-content\themes\nathaliemota\template-parts\photo\filter-photo.php on line 19
[02-Jan-2025 23:44:40 UTC] PHP Warning:  Undefined variable $categorie_id in C:\xampp\htdocs\nathalie-mota\wp-content\themes\nathaliemota\template-parts\photo\filter-photo.php on line 19
[02-Jan-2025 23:44:40 UTC] PHP Warning:  Undefined variable $categorie_id in C:\xampp\htdocs\nathalie-mota\wp-content\themes\nathaliemota\template-parts\photo\filter-photo.php on line 19
[02-Jan-2025 23:44:40 UTC] PHP Warning:  Undefined variable $format_id in C:\xampp\htdocs\nathalie-mota\wp-content\themes\nathaliemota\template-parts\photo\filter-photo.php on line 39
[02-Jan-2025 23:44:40 UTC] PHP Warning:  Undefined variable $format_id in C:\xampp\htdocs\nathalie-mota\wp-content\themes\nathaliemota\template-parts\photo\filter-photo.php on line 39
[02-Jan-2025 23:46:07 UTC] PHP Warning:  Undefined variable $categorie_id in C:\xampp\htdocs\nathalie-mota\wp-content\themes\nathaliemota\template-parts\photo\filter-photo.php on line 19
[02-Jan-2025 23:46:07 UTC] PHP Warning:  Undefined variable $categorie_id in C:\xampp\htdocs\nathalie-mota\wp-content\themes\nathaliemota\template-parts\photo\filter-photo.php on line 19
[02-Jan-2025 23:46:07 UTC] PHP Warning:  Undefined variable $categorie_id in C:\xampp\htdocs\nathalie-mota\wp-content\themes\nathaliemota\template-parts\photo\filter-photo.php on line 19
[02-Jan-2025 23:46:07 UTC] PHP Warning:  Undefined variable $categorie_id in C:\xampp\htdocs\nathalie-mota\wp-content\themes\nathaliemota\template-parts\photo\filter-photo.php on line 19
[02-Jan-2025 23:46:07 UTC] PHP Warning:  Undefined variable $format_id in C:\xampp\htdocs\nathalie-mota\wp-content\themes\nathaliemota\template-parts\photo\filter-photo.php on line 39
[02-Jan-2025 23:46:07 UTC] PHP Warning:  Undefined variable $format_id in C:\xampp\htdocs\nathalie-mota\wp-content\themes\nathaliemota\template-parts\photo\filter-photo.php on line 39
[02-Jan-2025 23:54:27 UTC] PHP Warning:  Undefined variable $categorie_id in C:\xampp\htdocs\nathalie-mota\wp-content\themes\nathaliemota\template-parts\photo\filter-photo.php on line 19
[02-Jan-2025 23:54:27 UTC] PHP Warning:  Undefined variable $categorie_id in C:\xampp\htdocs\nathalie-mota\wp-content\themes\nathaliemota\template-parts\photo\filter-photo.php on line 19
[02-Jan-2025 23:54:27 UTC] PHP Warning:  Undefined variable $categorie_id in C:\xampp\htdocs\nathalie-mota\wp-content\themes\nathaliemota\template-parts\photo\filter-photo.php on line 19
[02-Jan-2025 23:54:27 UTC] PHP Warning:  Undefined variable $categorie_id in C:\xampp\htdocs\nathalie-mota\wp-content\themes\nathaliemota\template-parts\photo\filter-photo.php on line 19
[02-Jan-2025 23:54:27 UTC] PHP Warning:  Undefined variable $format_id in C:\xampp\htdocs\nathalie-mota\wp-content\themes\nathaliemota\template-parts\photo\filter-photo.php on line 39
[02-Jan-2025 23:54:27 UTC] PHP Warning:  Undefined variable $format_id in C:\xampp\htdocs\nathalie-mota\wp-content\themes\nathaliemota\template-parts\photo\filter-photo.php on line 39
[02-Jan-2025 23:58:13 UTC] PHP Warning:  Undefined variable $categorie_id in C:\xampp\htdocs\nathalie-mota\wp-content\themes\nathaliemota\template-parts\photo\filter-photo.php on line 19
[02-Jan-2025 23:58:13 UTC] PHP Warning:  Undefined variable $categorie_id in C:\xampp\htdocs\nathalie-mota\wp-content\themes\nathaliemota\template-parts\photo\filter-photo.php on line 19
[02-Jan-2025 23:58:13 UTC] PHP Warning:  Undefined variable $categorie_id in C:\xampp\htdocs\nathalie-mota\wp-content\themes\nathaliemota\template-parts\photo\filter-photo.php on line 19
[02-Jan-2025 23:58:13 UTC] PHP Warning:  Undefined variable $categorie_id in C:\xampp\htdocs\nathalie-mota\wp-content\themes\nathaliemota\template-parts\photo\filter-photo.php on line 19
[02-Jan-2025 23:58:13 UTC] PHP Warning:  Undefined variable $format_id in C:\xampp\htdocs\nathalie-mota\wp-content\themes\nathaliemota\template-parts\photo\filter-photo.php on line 39
[02-Jan-2025 23:58:13 UTC] PHP Warning:  Undefined variable $format_id in C:\xampp\htdocs\nathalie-mota\wp-content\themes\nathaliemota\template-parts\photo\filter-photo.php on line 39
[02-Jan-2025 23:58:45 UTC] PHP Warning:  Undefined variable $categorie_id in C:\xampp\htdocs\nathalie-mota\wp-content\themes\nathaliemota\template-parts\photo\filter-photo.php on line 19
[02-Jan-2025 23:58:45 UTC] PHP Warning:  Undefined variable $categorie_id in C:\xampp\htdocs\nathalie-mota\wp-content\themes\nathaliemota\template-parts\photo\filter-photo.php on line 19
[02-Jan-2025 23:58:45 UTC] PHP Warning:  Undefined variable $categorie_id in C:\xampp\htdocs\nathalie-mota\wp-content\themes\nathaliemota\template-parts\photo\filter-photo.php on line 19
[02-Jan-2025 23:58:45 UTC] PHP Warning:  Undefined variable $categorie_id in C:\xampp\htdocs\nathalie-mota\wp-content\themes\nathaliemota\template-parts\photo\filter-photo.php on line 19
[02-Jan-2025 23:58:45 UTC] PHP Warning:  Undefined variable $format_id in C:\xampp\htdocs\nathalie-mota\wp-content\themes\nathaliemota\template-parts\photo\filter-photo.php on line 39
[02-Jan-2025 23:58:45 UTC] PHP Warning:  Undefined variable $format_id in C:\xampp\htdocs\nathalie-mota\wp-content\themes\nathaliemota\template-parts\photo\filter-photo.php on line 39
[02-Jan-2025 23:58:56 UTC] PHP Warning:  Undefined array key "html" in C:\xampp\htdocs\nathalie-mota\wp-content\themes\nathaliemota\functions.php on line 228
[03-Jan-2025 00:01:18 UTC] PHP Warning:  Undefined variable $categorie_id in C:\xampp\htdocs\nathalie-mota\wp-content\themes\nathaliemota\template-parts\photo\filter-photo.php on line 19
[03-Jan-2025 00:01:18 UTC] PHP Warning:  Undefined variable $categorie_id in C:\xampp\htdocs\nathalie-mota\wp-content\themes\nathaliemota\template-parts\photo\filter-photo.php on line 19
[03-Jan-2025 00:01:18 UTC] PHP Warning:  Undefined variable $categorie_id in C:\xampp\htdocs\nathalie-mota\wp-content\themes\nathaliemota\template-parts\photo\filter-photo.php on line 19
[03-Jan-2025 00:01:18 UTC] PHP Warning:  Undefined variable $categorie_id in C:\xampp\htdocs\nathalie-mota\wp-content\themes\nathaliemota\template-parts\photo\filter-photo.php on line 19
[03-Jan-2025 00:01:18 UTC] PHP Warning:  Undefined variable $format_id in C:\xampp\htdocs\nathalie-mota\wp-content\themes\nathaliemota\template-parts\photo\filter-photo.php on line 39
[03-Jan-2025 00:01:18 UTC] PHP Warning:  Undefined variable $format_id in C:\xampp\htdocs\nathalie-mota\wp-content\themes\nathaliemota\template-parts\photo\filter-photo.php on line 39
[03-Jan-2025 00:01:31 UTC] PHP Warning:  Undefined variable $categorie_id in C:\xampp\htdocs\nathalie-mota\wp-content\themes\nathaliemota\template-parts\photo\filter-photo.php on line 19
[03-Jan-2025 00:01:31 UTC] PHP Warning:  Undefined variable $categorie_id in C:\xampp\htdocs\nathalie-mota\wp-content\themes\nathaliemota\template-parts\photo\filter-photo.php on line 19
[03-Jan-2025 00:01:31 UTC] PHP Warning:  Undefined variable $categorie_id in C:\xampp\htdocs\nathalie-mota\wp-content\themes\nathaliemota\template-parts\photo\filter-photo.php on line 19
[03-Jan-2025 00:01:31 UTC] PHP Warning:  Undefined variable $categorie_id in C:\xampp\htdocs\nathalie-mota\wp-content\themes\nathaliemota\template-parts\photo\filter-photo.php on line 19
[03-Jan-2025 00:01:31 UTC] PHP Warning:  Undefined variable $format_id in C:\xampp\htdocs\nathalie-mota\wp-content\themes\nathaliemota\template-parts\photo\filter-photo.php on line 39
[03-Jan-2025 00:01:31 UTC] PHP Warning:  Undefined variable $format_id in C:\xampp\htdocs\nathalie-mota\wp-content\themes\nathaliemota\template-parts\photo\filter-photo.php on line 39
[03-Jan-2025 00:02:26 UTC] PHP Warning:  Undefined variable $categorie_id in C:\xampp\htdocs\nathalie-mota\wp-content\themes\nathaliemota\template-parts\photo\filter-photo.php on line 19
[03-Jan-2025 00:02:26 UTC] PHP Warning:  Undefined variable $categorie_id in C:\xampp\htdocs\nathalie-mota\wp-content\themes\nathaliemota\template-parts\photo\filter-photo.php on line 19
[03-Jan-2025 00:02:26 UTC] PHP Warning:  Undefined variable $categorie_id in C:\xampp\htdocs\nathalie-mota\wp-content\themes\nathaliemota\template-parts\photo\filter-photo.php on line 19
[03-Jan-2025 00:02:26 UTC] PHP Warning:  Undefined variable $categorie_id in C:\xampp\htdocs\nathalie-mota\wp-content\themes\nathaliemota\template-parts\photo\filter-photo.php on line 19
[03-Jan-2025 00:02:26 UTC] PHP Warning:  Undefined variable $format_id in C:\xampp\htdocs\nathalie-mota\wp-content\themes\nathaliemota\template-parts\photo\filter-photo.php on line 39
[03-Jan-2025 00:02:26 UTC] PHP Warning:  Undefined variable $format_id in C:\xampp\htdocs\nathalie-mota\wp-content\themes\nathaliemota\template-parts\photo\filter-photo.php on line 39
[03-Jan-2025 00:03:13 UTC] PHP Warning:  Undefined variable $categorie_id in C:\xampp\htdocs\nathalie-mota\wp-content\themes\nathaliemota\template-parts\photo\filter-photo.php on line 19
[03-Jan-2025 00:03:13 UTC] PHP Warning:  Undefined variable $categorie_id in C:\xampp\htdocs\nathalie-mota\wp-content\themes\nathaliemota\template-parts\photo\filter-photo.php on line 19
[03-Jan-2025 00:03:13 UTC] PHP Warning:  Undefined variable $categorie_id in C:\xampp\htdocs\nathalie-mota\wp-content\themes\nathaliemota\template-parts\photo\filter-photo.php on line 19
[03-Jan-2025 00:03:13 UTC] PHP Warning:  Undefined variable $categorie_id in C:\xampp\htdocs\nathalie-mota\wp-content\themes\nathaliemota\template-parts\photo\filter-photo.php on line 19
[03-Jan-2025 00:03:13 UTC] PHP Warning:  Undefined variable $format_id in C:\xampp\htdocs\nathalie-mota\wp-content\themes\nathaliemota\template-parts\photo\filter-photo.php on line 39
[03-Jan-2025 00:03:13 UTC] PHP Warning:  Undefined variable $format_id in C:\xampp\htdocs\nathalie-mota\wp-content\themes\nathaliemota\template-parts\photo\filter-photo.php on line 39
[03-Jan-2025 00:03:29 UTC] PHP Warning:  Undefined variable $categorie_id in C:\xampp\htdocs\nathalie-mota\wp-content\themes\nathaliemota\template-parts\photo\filter-photo.php on line 19
[03-Jan-2025 00:03:29 UTC] PHP Warning:  Undefined variable $categorie_id in C:\xampp\htdocs\nathalie-mota\wp-content\themes\nathaliemota\template-parts\photo\filter-photo.php on line 19
[03-Jan-2025 00:03:29 UTC] PHP Warning:  Undefined variable $categorie_id in C:\xampp\htdocs\nathalie-mota\wp-content\themes\nathaliemota\template-parts\photo\filter-photo.php on line 19
[03-Jan-2025 00:03:29 UTC] PHP Warning:  Undefined variable $categorie_id in C:\xampp\htdocs\nathalie-mota\wp-content\themes\nathaliemota\template-parts\photo\filter-photo.php on line 19
[03-Jan-2025 00:03:29 UTC] PHP Warning:  Undefined variable $format_id in C:\xampp\htdocs\nathalie-mota\wp-content\themes\nathaliemota\template-parts\photo\filter-photo.php on line 39
[03-Jan-2025 00:03:29 UTC] PHP Warning:  Undefined variable $format_id in C:\xampp\htdocs\nathalie-mota\wp-content\themes\nathaliemota\template-parts\photo\filter-photo.php on line 39
[03-Jan-2025 00:03:34 UTC] PHP Warning:  Undefined variable $categorie_id in C:\xampp\htdocs\nathalie-mota\wp-content\themes\nathaliemota\template-parts\photo\filter-photo.php on line 19
[03-Jan-2025 00:03:34 UTC] PHP Warning:  Undefined variable $categorie_id in C:\xampp\htdocs\nathalie-mota\wp-content\themes\nathaliemota\template-parts\photo\filter-photo.php on line 19
[03-Jan-2025 00:03:34 UTC] PHP Warning:  Undefined variable $categorie_id in C:\xampp\htdocs\nathalie-mota\wp-content\themes\nathaliemota\template-parts\photo\filter-photo.php on line 19
[03-Jan-2025 00:03:34 UTC] PHP Warning:  Undefined variable $categorie_id in C:\xampp\htdocs\nathalie-mota\wp-content\themes\nathaliemota\template-parts\photo\filter-photo.php on line 19
[03-Jan-2025 00:03:34 UTC] PHP Warning:  Undefined variable $format_id in C:\xampp\htdocs\nathalie-mota\wp-content\themes\nathaliemota\template-parts\photo\filter-photo.php on line 39
[03-Jan-2025 00:03:34 UTC] PHP Warning:  Undefined variable $format_id in C:\xampp\htdocs\nathalie-mota\wp-content\themes\nathaliemota\template-parts\photo\filter-photo.php on line 39
[03-Jan-2025 00:03:57 UTC] PHP Warning:  Undefined variable $categorie_id in C:\xampp\htdocs\nathalie-mota\wp-content\themes\nathaliemota\template-parts\photo\filter-photo.php on line 19
[03-Jan-2025 00:03:57 UTC] PHP Warning:  Undefined variable $categorie_id in C:\xampp\htdocs\nathalie-mota\wp-content\themes\nathaliemota\template-parts\photo\filter-photo.php on line 19
[03-Jan-2025 00:03:57 UTC] PHP Warning:  Undefined variable $categorie_id in C:\xampp\htdocs\nathalie-mota\wp-content\themes\nathaliemota\template-parts\photo\filter-photo.php on line 19
[03-Jan-2025 00:03:57 UTC] PHP Warning:  Undefined variable $categorie_id in C:\xampp\htdocs\nathalie-mota\wp-content\themes\nathaliemota\template-parts\photo\filter-photo.php on line 19
[03-Jan-2025 00:03:57 UTC] PHP Warning:  Undefined variable $format_id in C:\xampp\htdocs\nathalie-mota\wp-content\themes\nathaliemota\template-parts\photo\filter-photo.php on line 39
[03-Jan-2025 00:03:57 UTC] PHP Warning:  Undefined variable $format_id in C:\xampp\htdocs\nathalie-mota\wp-content\themes\nathaliemota\template-parts\photo\filter-photo.php on line 39
[03-Jan-2025 00:04:46 UTC] PHP Warning:  Undefined variable $categorie_id in C:\xampp\htdocs\nathalie-mota\wp-content\themes\nathaliemota\template-parts\photo\filter-photo.php on line 19
[03-Jan-2025 00:04:46 UTC] PHP Warning:  Undefined variable $categorie_id in C:\xampp\htdocs\nathalie-mota\wp-content\themes\nathaliemota\template-parts\photo\filter-photo.php on line 19
[03-Jan-2025 00:04:46 UTC] PHP Warning:  Undefined variable $categorie_id in C:\xampp\htdocs\nathalie-mota\wp-content\themes\nathaliemota\template-parts\photo\filter-photo.php on line 19
[03-Jan-2025 00:04:46 UTC] PHP Warning:  Undefined variable $categorie_id in C:\xampp\htdocs\nathalie-mota\wp-content\themes\nathaliemota\template-parts\photo\filter-photo.php on line 19
[03-Jan-2025 00:04:46 UTC] PHP Warning:  Undefined variable $format_id in C:\xampp\htdocs\nathalie-mota\wp-content\themes\nathaliemota\template-parts\photo\filter-photo.php on line 39
[03-Jan-2025 00:04:46 UTC] PHP Warning:  Undefined variable $format_id in C:\xampp\htdocs\nathalie-mota\wp-content\themes\nathaliemota\template-parts\photo\filter-photo.php on line 39
[03-Jan-2025 00:04:50 UTC] PHP Warning:  Undefined variable $categorie_id in C:\xampp\htdocs\nathalie-mota\wp-content\themes\nathaliemota\template-parts\photo\filter-photo.php on line 19
[03-Jan-2025 00:04:50 UTC] PHP Warning:  Undefined variable $categorie_id in C:\xampp\htdocs\nathalie-mota\wp-content\themes\nathaliemota\template-parts\photo\filter-photo.php on line 19
[03-Jan-2025 00:04:50 UTC] PHP Warning:  Undefined variable $categorie_id in C:\xampp\htdocs\nathalie-mota\wp-content\themes\nathaliemota\template-parts\photo\filter-photo.php on line 19
[03-Jan-2025 00:04:50 UTC] PHP Warning:  Undefined variable $categorie_id in C:\xampp\htdocs\nathalie-mota\wp-content\themes\nathaliemota\template-parts\photo\filter-photo.php on line 19
[03-Jan-2025 00:04:50 UTC] PHP Warning:  Undefined variable $format_id in C:\xampp\htdocs\nathalie-mota\wp-content\themes\nathaliemota\template-parts\photo\filter-photo.php on line 39
[03-Jan-2025 00:04:50 UTC] PHP Warning:  Undefined variable $format_id in C:\xampp\htdocs\nathalie-mota\wp-content\themes\nathaliemota\template-parts\photo\filter-photo.php on line 39
[03-Jan-2025 00:06:21 UTC] PHP Warning:  Undefined variable $categorie_id in C:\xampp\htdocs\nathalie-mota\wp-content\themes\nathaliemota\template-parts\photo\filter-photo.php on line 19
[03-Jan-2025 00:06:21 UTC] PHP Warning:  Undefined variable $categorie_id in C:\xampp\htdocs\nathalie-mota\wp-content\themes\nathaliemota\template-parts\photo\filter-photo.php on line 19
[03-Jan-2025 00:06:21 UTC] PHP Warning:  Undefined variable $categorie_id in C:\xampp\htdocs\nathalie-mota\wp-content\themes\nathaliemota\template-parts\photo\filter-photo.php on line 19
[03-Jan-2025 00:06:21 UTC] PHP Warning:  Undefined variable $categorie_id in C:\xampp\htdocs\nathalie-mota\wp-content\themes\nathaliemota\template-parts\photo\filter-photo.php on line 19
[03-Jan-2025 00:06:21 UTC] PHP Warning:  Undefined variable $format_id in C:\xampp\htdocs\nathalie-mota\wp-content\themes\nathaliemota\template-parts\photo\filter-photo.php on line 39
[03-Jan-2025 00:06:21 UTC] PHP Warning:  Undefined variable $format_id in C:\xampp\htdocs\nathalie-mota\wp-content\themes\nathaliemota\template-parts\photo\filter-photo.php on line 39
[03-Jan-2025 00:07:50 UTC] PHP Warning:  Undefined variable $categorie_id in C:\xampp\htdocs\nathalie-mota\wp-content\themes\nathaliemota\template-parts\photo\filter-photo.php on line 19
[03-Jan-2025 00:07:50 UTC] PHP Warning:  Undefined variable $categorie_id in C:\xampp\htdocs\nathalie-mota\wp-content\themes\nathaliemota\template-parts\photo\filter-photo.php on line 19
[03-Jan-2025 00:07:50 UTC] PHP Warning:  Undefined variable $categorie_id in C:\xampp\htdocs\nathalie-mota\wp-content\themes\nathaliemota\template-parts\photo\filter-photo.php on line 19
[03-Jan-2025 00:07:50 UTC] PHP Warning:  Undefined variable $categorie_id in C:\xampp\htdocs\nathalie-mota\wp-content\themes\nathaliemota\template-parts\photo\filter-photo.php on line 19
[03-Jan-2025 00:07:50 UTC] PHP Warning:  Undefined variable $format_id in C:\xampp\htdocs\nathalie-mota\wp-content\themes\nathaliemota\template-parts\photo\filter-photo.php on line 39
[03-Jan-2025 00:07:50 UTC] PHP Warning:  Undefined variable $format_id in C:\xampp\htdocs\nathalie-mota\wp-content\themes\nathaliemota\template-parts\photo\filter-photo.php on line 39
[03-Jan-2025 00:08:06 UTC] PHP Warning:  Undefined variable $categorie_id in C:\xampp\htdocs\nathalie-mota\wp-content\themes\nathaliemota\template-parts\photo\filter-photo.php on line 19
[03-Jan-2025 00:08:06 UTC] PHP Warning:  Undefined variable $categorie_id in C:\xampp\htdocs\nathalie-mota\wp-content\themes\nathaliemota\template-parts\photo\filter-photo.php on line 19
[03-Jan-2025 00:08:06 UTC] PHP Warning:  Undefined variable $categorie_id in C:\xampp\htdocs\nathalie-mota\wp-content\themes\nathaliemota\template-parts\photo\filter-photo.php on line 19
[03-Jan-2025 00:08:06 UTC] PHP Warning:  Undefined variable $categorie_id in C:\xampp\htdocs\nathalie-mota\wp-content\themes\nathaliemota\template-parts\photo\filter-photo.php on line 19
[03-Jan-2025 00:08:06 UTC] PHP Warning:  Undefined variable $format_id in C:\xampp\htdocs\nathalie-mota\wp-content\themes\nathaliemota\template-parts\photo\filter-photo.php on line 39
[03-Jan-2025 00:08:06 UTC] PHP Warning:  Undefined variable $format_id in C:\xampp\htdocs\nathalie-mota\wp-content\themes\nathaliemota\template-parts\photo\filter-photo.php on line 39
[03-Jan-2025 00:08:17 UTC] PHP Warning:  Undefined variable $categorie_id in C:\xampp\htdocs\nathalie-mota\wp-content\themes\nathaliemota\template-parts\photo\filter-photo.php on line 19
[03-Jan-2025 00:08:17 UTC] PHP Warning:  Undefined variable $categorie_id in C:\xampp\htdocs\nathalie-mota\wp-content\themes\nathaliemota\template-parts\photo\filter-photo.php on line 19
[03-Jan-2025 00:08:17 UTC] PHP Warning:  Undefined variable $categorie_id in C:\xampp\htdocs\nathalie-mota\wp-content\themes\nathaliemota\template-parts\photo\filter-photo.php on line 19
[03-Jan-2025 00:08:17 UTC] PHP Warning:  Undefined variable $categorie_id in C:\xampp\htdocs\nathalie-mota\wp-content\themes\nathaliemota\template-parts\photo\filter-photo.php on line 19
[03-Jan-2025 00:08:17 UTC] PHP Warning:  Undefined variable $format_id in C:\xampp\htdocs\nathalie-mota\wp-content\themes\nathaliemota\template-parts\photo\filter-photo.php on line 39
[03-Jan-2025 00:08:17 UTC] PHP Warning:  Undefined variable $format_id in C:\xampp\htdocs\nathalie-mota\wp-content\themes\nathaliemota\template-parts\photo\filter-photo.php on line 39
[03-Jan-2025 00:10:29 UTC] PHP Warning:  Undefined variable $categorie_id in C:\xampp\htdocs\nathalie-mota\wp-content\themes\nathaliemota\template-parts\photo\filter-photo.php on line 19
[03-Jan-2025 00:10:29 UTC] PHP Warning:  Undefined variable $categorie_id in C:\xampp\htdocs\nathalie-mota\wp-content\themes\nathaliemota\template-parts\photo\filter-photo.php on line 19
[03-Jan-2025 00:10:29 UTC] PHP Warning:  Undefined variable $categorie_id in C:\xampp\htdocs\nathalie-mota\wp-content\themes\nathaliemota\template-parts\photo\filter-photo.php on line 19
[03-Jan-2025 00:10:29 UTC] PHP Warning:  Undefined variable $categorie_id in C:\xampp\htdocs\nathalie-mota\wp-content\themes\nathaliemota\template-parts\photo\filter-photo.php on line 19
[03-Jan-2025 00:10:29 UTC] PHP Warning:  Undefined variable $format_id in C:\xampp\htdocs\nathalie-mota\wp-content\themes\nathaliemota\template-parts\photo\filter-photo.php on line 39
[03-Jan-2025 00:10:29 UTC] PHP Warning:  Undefined variable $format_id in C:\xampp\htdocs\nathalie-mota\wp-content\themes\nathaliemota\template-parts\photo\filter-photo.php on line 39
[03-Jan-2025 00:12:26 UTC] PHP Warning:  Undefined variable $categorie_id in C:\xampp\htdocs\nathalie-mota\wp-content\themes\nathaliemota\template-parts\photo\filter-photo.php on line 19
[03-Jan-2025 00:12:26 UTC] PHP Warning:  Undefined variable $categorie_id in C:\xampp\htdocs\nathalie-mota\wp-content\themes\nathaliemota\template-parts\photo\filter-photo.php on line 19
[03-Jan-2025 00:12:26 UTC] PHP Warning:  Undefined variable $categorie_id in C:\xampp\htdocs\nathalie-mota\wp-content\themes\nathaliemota\template-parts\photo\filter-photo.php on line 19
[03-Jan-2025 00:12:26 UTC] PHP Warning:  Undefined variable $categorie_id in C:\xampp\htdocs\nathalie-mota\wp-content\themes\nathaliemota\template-parts\photo\filter-photo.php on line 19
[03-Jan-2025 00:12:26 UTC] PHP Warning:  Undefined variable $format_id in C:\xampp\htdocs\nathalie-mota\wp-content\themes\nathaliemota\template-parts\photo\filter-photo.php on line 39
[03-Jan-2025 00:12:26 UTC] PHP Warning:  Undefined variable $format_id in C:\xampp\htdocs\nathalie-mota\wp-content\themes\nathaliemota\template-parts\photo\filter-photo.php on line 39
[03-Jan-2025 00:14:33 UTC] PHP Warning:  Undefined variable $categorie_id in C:\xampp\htdocs\nathalie-mota\wp-content\themes\nathaliemota\template-parts\photo\filter-photo.php on line 19
[03-Jan-2025 00:14:33 UTC] PHP Warning:  Undefined variable $categorie_id in C:\xampp\htdocs\nathalie-mota\wp-content\themes\nathaliemota\template-parts\photo\filter-photo.php on line 19
[03-Jan-2025 00:14:33 UTC] PHP Warning:  Undefined variable $categorie_id in C:\xampp\htdocs\nathalie-mota\wp-content\themes\nathaliemota\template-parts\photo\filter-photo.php on line 19
[03-Jan-2025 00:14:33 UTC] PHP Warning:  Undefined variable $categorie_id in C:\xampp\htdocs\nathalie-mota\wp-content\themes\nathaliemota\template-parts\photo\filter-photo.php on line 19
[03-Jan-2025 00:14:33 UTC] PHP Warning:  Undefined variable $format_id in C:\xampp\htdocs\nathalie-mota\wp-content\themes\nathaliemota\template-parts\photo\filter-photo.php on line 39
[03-Jan-2025 00:14:33 UTC] PHP Warning:  Undefined variable $format_id in C:\xampp\htdocs\nathalie-mota\wp-content\themes\nathaliemota\template-parts\photo\filter-photo.php on line 39
[03-Jan-2025 00:15:12 UTC] PHP Warning:  Undefined variable $categorie_id in C:\xampp\htdocs\nathalie-mota\wp-content\themes\nathaliemota\template-parts\photo\filter-photo.php on line 19
[03-Jan-2025 00:15:12 UTC] PHP Warning:  Undefined variable $categorie_id in C:\xampp\htdocs\nathalie-mota\wp-content\themes\nathaliemota\template-parts\photo\filter-photo.php on line 19
[03-Jan-2025 00:15:12 UTC] PHP Warning:  Undefined variable $categorie_id in C:\xampp\htdocs\nathalie-mota\wp-content\themes\nathaliemota\template-parts\photo\filter-photo.php on line 19
[03-Jan-2025 00:15:12 UTC] PHP Warning:  Undefined variable $categorie_id in C:\xampp\htdocs\nathalie-mota\wp-content\themes\nathaliemota\template-parts\photo\filter-photo.php on line 19
[03-Jan-2025 00:15:12 UTC] PHP Warning:  Undefined variable $format_id in C:\xampp\htdocs\nathalie-mota\wp-content\themes\nathaliemota\template-parts\photo\filter-photo.php on line 39
[03-Jan-2025 00:15:12 UTC] PHP Warning:  Undefined variable $format_id in C:\xampp\htdocs\nathalie-mota\wp-content\themes\nathaliemota\template-parts\photo\filter-photo.php on line 39
[03-Jan-2025 00:15:19 UTC] PHP Warning:  Undefined variable $categorie_id in C:\xampp\htdocs\nathalie-mota\wp-content\themes\nathaliemota\template-parts\photo\filter-photo.php on line 19
[03-Jan-2025 00:15:19 UTC] PHP Warning:  Undefined variable $categorie_id in C:\xampp\htdocs\nathalie-mota\wp-content\themes\nathaliemota\template-parts\photo\filter-photo.php on line 19
[03-Jan-2025 00:15:19 UTC] PHP Warning:  Undefined variable $categorie_id in C:\xampp\htdocs\nathalie-mota\wp-content\themes\nathaliemota\template-parts\photo\filter-photo.php on line 19
[03-Jan-2025 00:15:19 UTC] PHP Warning:  Undefined variable $categorie_id in C:\xampp\htdocs\nathalie-mota\wp-content\themes\nathaliemota\template-parts\photo\filter-photo.php on line 19
[03-Jan-2025 00:15:19 UTC] PHP Warning:  Undefined variable $format_id in C:\xampp\htdocs\nathalie-mota\wp-content\themes\nathaliemota\template-parts\photo\filter-photo.php on line 39
[03-Jan-2025 00:15:19 UTC] PHP Warning:  Undefined variable $format_id in C:\xampp\htdocs\nathalie-mota\wp-content\themes\nathaliemota\template-parts\photo\filter-photo.php on line 39
[03-Jan-2025 00:15:21 UTC] PHP Warning:  Undefined variable $categorie_id in C:\xampp\htdocs\nathalie-mota\wp-content\themes\nathaliemota\template-parts\photo\filter-photo.php on line 19
[03-Jan-2025 00:15:21 UTC] PHP Warning:  Undefined variable $categorie_id in C:\xampp\htdocs\nathalie-mota\wp-content\themes\nathaliemota\template-parts\photo\filter-photo.php on line 19
[03-Jan-2025 00:15:21 UTC] PHP Warning:  Undefined variable $categorie_id in C:\xampp\htdocs\nathalie-mota\wp-content\themes\nathaliemota\template-parts\photo\filter-photo.php on line 19
[03-Jan-2025 00:15:21 UTC] PHP Warning:  Undefined variable $categorie_id in C:\xampp\htdocs\nathalie-mota\wp-content\themes\nathaliemota\template-parts\photo\filter-photo.php on line 19
[03-Jan-2025 00:15:21 UTC] PHP Warning:  Undefined variable $format_id in C:\xampp\htdocs\nathalie-mota\wp-content\themes\nathaliemota\template-parts\photo\filter-photo.php on line 39
[03-Jan-2025 00:15:21 UTC] PHP Warning:  Undefined variable $format_id in C:\xampp\htdocs\nathalie-mota\wp-content\themes\nathaliemota\template-parts\photo\filter-photo.php on line 39
[03-Jan-2025 00:15:32 UTC] PHP Warning:  Undefined variable $categorie_id in C:\xampp\htdocs\nathalie-mota\wp-content\themes\nathaliemota\template-parts\photo\filter-photo.php on line 19
[03-Jan-2025 00:15:32 UTC] PHP Warning:  Undefined variable $categorie_id in C:\xampp\htdocs\nathalie-mota\wp-content\themes\nathaliemota\template-parts\photo\filter-photo.php on line 19
[03-Jan-2025 00:15:32 UTC] PHP Warning:  Undefined variable $categorie_id in C:\xampp\htdocs\nathalie-mota\wp-content\themes\nathaliemota\template-parts\photo\filter-photo.php on line 19
[03-Jan-2025 00:15:32 UTC] PHP Warning:  Undefined variable $categorie_id in C:\xampp\htdocs\nathalie-mota\wp-content\themes\nathaliemota\template-parts\photo\filter-photo.php on line 19
[03-Jan-2025 00:15:32 UTC] PHP Warning:  Undefined variable $format_id in C:\xampp\htdocs\nathalie-mota\wp-content\themes\nathaliemota\template-parts\photo\filter-photo.php on line 39
[03-Jan-2025 00:15:32 UTC] PHP Warning:  Undefined variable $format_id in C:\xampp\htdocs\nathalie-mota\wp-content\themes\nathaliemota\template-parts\photo\filter-photo.php on line 39
[03-Jan-2025 00:15:48 UTC] PHP Warning:  Undefined variable $categorie_id in C:\xampp\htdocs\nathalie-mota\wp-content\themes\nathaliemota\template-parts\photo\filter-photo.php on line 19
[03-Jan-2025 00:15:48 UTC] PHP Warning:  Undefined variable $categorie_id in C:\xampp\htdocs\nathalie-mota\wp-content\themes\nathaliemota\template-parts\photo\filter-photo.php on line 19
[03-Jan-2025 00:15:48 UTC] PHP Warning:  Undefined variable $categorie_id in C:\xampp\htdocs\nathalie-mota\wp-content\themes\nathaliemota\template-parts\photo\filter-photo.php on line 19
[03-Jan-2025 00:15:48 UTC] PHP Warning:  Undefined variable $categorie_id in C:\xampp\htdocs\nathalie-mota\wp-content\themes\nathaliemota\template-parts\photo\filter-photo.php on line 19
[03-Jan-2025 00:15:48 UTC] PHP Warning:  Undefined variable $format_id in C:\xampp\htdocs\nathalie-mota\wp-content\themes\nathaliemota\template-parts\photo\filter-photo.php on line 39
[03-Jan-2025 00:15:48 UTC] PHP Warning:  Undefined variable $format_id in C:\xampp\htdocs\nathalie-mota\wp-content\themes\nathaliemota\template-parts\photo\filter-photo.php on line 39
[03-Jan-2025 00:16:03 UTC] PHP Warning:  Undefined variable $categorie_id in C:\xampp\htdocs\nathalie-mota\wp-content\themes\nathaliemota\template-parts\photo\filter-photo.php on line 19
[03-Jan-2025 00:16:03 UTC] PHP Warning:  Undefined variable $categorie_id in C:\xampp\htdocs\nathalie-mota\wp-content\themes\nathaliemota\template-parts\photo\filter-photo.php on line 19
[03-Jan-2025 00:16:03 UTC] PHP Warning:  Undefined variable $categorie_id in C:\xampp\htdocs\nathalie-mota\wp-content\themes\nathaliemota\template-parts\photo\filter-photo.php on line 19
[03-Jan-2025 00:16:03 UTC] PHP Warning:  Undefined variable $categorie_id in C:\xampp\htdocs\nathalie-mota\wp-content\themes\nathaliemota\template-parts\photo\filter-photo.php on line 19
[03-Jan-2025 00:16:03 UTC] PHP Warning:  Undefined variable $format_id in C:\xampp\htdocs\nathalie-mota\wp-content\themes\nathaliemota\template-parts\photo\filter-photo.php on line 39
[03-Jan-2025 00:16:03 UTC] PHP Warning:  Undefined variable $format_id in C:\xampp\htdocs\nathalie-mota\wp-content\themes\nathaliemota\template-parts\photo\filter-photo.php on line 39
[03-Jan-2025 00:19:00 UTC] PHP Warning:  Undefined variable $categorie_id in C:\xampp\htdocs\nathalie-mota\wp-content\themes\nathaliemota\template-parts\photo\filter-photo.php on line 19
[03-Jan-2025 00:19:00 UTC] PHP Warning:  Undefined variable $categorie_id in C:\xampp\htdocs\nathalie-mota\wp-content\themes\nathaliemota\template-parts\photo\filter-photo.php on line 19
[03-Jan-2025 00:19:00 UTC] PHP Warning:  Undefined variable $categorie_id in C:\xampp\htdocs\nathalie-mota\wp-content\themes\nathaliemota\template-parts\photo\filter-photo.php on line 19
[03-Jan-2025 00:19:00 UTC] PHP Warning:  Undefined variable $categorie_id in C:\xampp\htdocs\nathalie-mota\wp-content\themes\nathaliemota\template-parts\photo\filter-photo.php on line 19
[03-Jan-2025 00:19:00 UTC] PHP Warning:  Undefined variable $format_id in C:\xampp\htdocs\nathalie-mota\wp-content\themes\nathaliemota\template-parts\photo\filter-photo.php on line 39
[03-Jan-2025 00:19:00 UTC] PHP Warning:  Undefined variable $format_id in C:\xampp\htdocs\nathalie-mota\wp-content\themes\nathaliemota\template-parts\photo\filter-photo.php on line 39
[03-Jan-2025 00:19:08 UTC] PHP Warning:  Undefined variable $categorie_id in C:\xampp\htdocs\nathalie-mota\wp-content\themes\nathaliemota\template-parts\photo\filter-photo.php on line 19
[03-Jan-2025 00:19:08 UTC] PHP Warning:  Undefined variable $categorie_id in C:\xampp\htdocs\nathalie-mota\wp-content\themes\nathaliemota\template-parts\photo\filter-photo.php on line 19
[03-Jan-2025 00:19:08 UTC] PHP Warning:  Undefined variable $categorie_id in C:\xampp\htdocs\nathalie-mota\wp-content\themes\nathaliemota\template-parts\photo\filter-photo.php on line 19
[03-Jan-2025 00:19:08 UTC] PHP Warning:  Undefined variable $categorie_id in C:\xampp\htdocs\nathalie-mota\wp-content\themes\nathaliemota\template-parts\photo\filter-photo.php on line 19
[03-Jan-2025 00:19:08 UTC] PHP Warning:  Undefined variable $format_id in C:\xampp\htdocs\nathalie-mota\wp-content\themes\nathaliemota\template-parts\photo\filter-photo.php on line 39
[03-Jan-2025 00:19:08 UTC] PHP Warning:  Undefined variable $format_id in C:\xampp\htdocs\nathalie-mota\wp-content\themes\nathaliemota\template-parts\photo\filter-photo.php on line 39
[03-Jan-2025 00:19:30 UTC] PHP Warning:  Undefined variable $categorie_id in C:\xampp\htdocs\nathalie-mota\wp-content\themes\nathaliemota\template-parts\photo\filter-photo.php on line 19
[03-Jan-2025 00:19:30 UTC] PHP Warning:  Undefined variable $categorie_id in C:\xampp\htdocs\nathalie-mota\wp-content\themes\nathaliemota\template-parts\photo\filter-photo.php on line 19
[03-Jan-2025 00:19:30 UTC] PHP Warning:  Undefined variable $categorie_id in C:\xampp\htdocs\nathalie-mota\wp-content\themes\nathaliemota\template-parts\photo\filter-photo.php on line 19
[03-Jan-2025 00:19:30 UTC] PHP Warning:  Undefined variable $categorie_id in C:\xampp\htdocs\nathalie-mota\wp-content\themes\nathaliemota\template-parts\photo\filter-photo.php on line 19
[03-Jan-2025 00:19:30 UTC] PHP Warning:  Undefined variable $format_id in C:\xampp\htdocs\nathalie-mota\wp-content\themes\nathaliemota\template-parts\photo\filter-photo.php on line 39
[03-Jan-2025 00:19:30 UTC] PHP Warning:  Undefined variable $format_id in C:\xampp\htdocs\nathalie-mota\wp-content\themes\nathaliemota\template-parts\photo\filter-photo.php on line 39
[03-Jan-2025 00:19:54 UTC] PHP Warning:  Undefined variable $categorie_id in C:\xampp\htdocs\nathalie-mota\wp-content\themes\nathaliemota\template-parts\photo\filter-photo.php on line 19
[03-Jan-2025 00:19:54 UTC] PHP Warning:  Undefined variable $categorie_id in C:\xampp\htdocs\nathalie-mota\wp-content\themes\nathaliemota\template-parts\photo\filter-photo.php on line 19
[03-Jan-2025 00:19:54 UTC] PHP Warning:  Undefined variable $categorie_id in C:\xampp\htdocs\nathalie-mota\wp-content\themes\nathaliemota\template-parts\photo\filter-photo.php on line 19
[03-Jan-2025 00:19:54 UTC] PHP Warning:  Undefined variable $categorie_id in C:\xampp\htdocs\nathalie-mota\wp-content\themes\nathaliemota\template-parts\photo\filter-photo.php on line 19
[03-Jan-2025 00:19:54 UTC] PHP Warning:  Undefined variable $format_id in C:\xampp\htdocs\nathalie-mota\wp-content\themes\nathaliemota\template-parts\photo\filter-photo.php on line 39
[03-Jan-2025 00:19:54 UTC] PHP Warning:  Undefined variable $format_id in C:\xampp\htdocs\nathalie-mota\wp-content\themes\nathaliemota\template-parts\photo\filter-photo.php on line 39
[03-Jan-2025 00:20:08 UTC] PHP Warning:  Undefined variable $categorie_id in C:\xampp\htdocs\nathalie-mota\wp-content\themes\nathaliemota\template-parts\photo\filter-photo.php on line 19
[03-Jan-2025 00:20:08 UTC] PHP Warning:  Undefined variable $categorie_id in C:\xampp\htdocs\nathalie-mota\wp-content\themes\nathaliemota\template-parts\photo\filter-photo.php on line 19
[03-Jan-2025 00:20:08 UTC] PHP Warning:  Undefined variable $categorie_id in C:\xampp\htdocs\nathalie-mota\wp-content\themes\nathaliemota\template-parts\photo\filter-photo.php on line 19
[03-Jan-2025 00:20:08 UTC] PHP Warning:  Undefined variable $categorie_id in C:\xampp\htdocs\nathalie-mota\wp-content\themes\nathaliemota\template-parts\photo\filter-photo.php on line 19
[03-Jan-2025 00:20:08 UTC] PHP Warning:  Undefined variable $format_id in C:\xampp\htdocs\nathalie-mota\wp-content\themes\nathaliemota\template-parts\photo\filter-photo.php on line 39
[03-Jan-2025 00:20:08 UTC] PHP Warning:  Undefined variable $format_id in C:\xampp\htdocs\nathalie-mota\wp-content\themes\nathaliemota\template-parts\photo\filter-photo.php on line 39
[03-Jan-2025 00:20:54 UTC] PHP Warning:  Undefined array key "html" in C:\xampp\htdocs\nathalie-mota\wp-content\themes\nathaliemota\functions.php on line 228
[03-Jan-2025 00:21:20 UTC] PHP Warning:  Undefined array key "html" in C:\xampp\htdocs\nathalie-mota\wp-content\themes\nathaliemota\functions.php on line 228
[03-Jan-2025 00:35:21 UTC] Automatic updates starting...
[03-Jan-2025 00:35:21 UTC] Automatic updates complete.
[03-Jan-2025 00:35:50 UTC] PHP Warning:  Undefined array key "html" in C:\xampp\htdocs\nathalie-mota\wp-content\themes\nathaliemota\functions.php on line 228
[03-Jan-2025 00:37:26 UTC] PHP Warning:  Undefined array key "html" in C:\xampp\htdocs\nathalie-mota\wp-content\themes\nathaliemota\functions.php on line 228
[03-Jan-2025 00:38:34 UTC] PHP Warning:  Undefined array key "html" in C:\xampp\htdocs\nathalie-mota\wp-content\themes\nathaliemota\functions.php on line 228
[03-Jan-2025 00:39:03 UTC] PHP Warning:  Undefined array key "html" in C:\xampp\htdocs\nathalie-mota\wp-content\themes\nathaliemota\functions.php on line 228
[03-Jan-2025 03:08:22 UTC] PHP Parse error:  syntax error, unexpected token "<<", expecting end of file in C:\xampp\htdocs\nathalie-mota\wp-content\themes\nathaliemota\functions.php on line 316
[03-Jan-2025 03:08:25 UTC] PHP Parse error:  syntax error, unexpected token "<<", expecting end of file in C:\xampp\htdocs\nathalie-mota\wp-content\themes\nathaliemota\functions.php on line 316
